#
# There is insufficient memory for the Java Runtime Environment to continue.
# Native memory allocation (malloc) failed to allocate 531344 bytes for Chunk::new
# Possible reasons:
#   The system is out of physical RAM or swap space
#   In 32 bit mode, the process size limit was hit
# Possible solutions:
#   Reduce memory load on the system
#   Increase physical memory or swap space
#   Check if swap backing store is full
#   Use 64 bit Java on a 64 bit OS
#   Decrease Java heap size (-Xmx/-Xms)
#   Decrease number of Java threads
#   Decrease Java thread stack sizes (-Xss)
#   Set larger code cache with -XX:ReservedCodeCacheSize=
# This output file may be truncated or incomplete.
#
#  Out of Memory Error (allocation.cpp:390), pid=2172, tid=3448
#
# JRE version: Java(TM) SE Runtime Environment (8.0_66-b18) (build 1.8.0_66-b18)
# Java VM: Java HotSpot(TM) 64-Bit Server VM (25.66-b18 mixed mode windows-amd64 compressed oops)
# Failed to write core dump. Minidumps are not enabled by default on client versions of Windows
#

---------------  T H R E A D  ---------------

Current thread (0x0000000016fbf000):  JavaThread "C2 CompilerThread1" daemon [_thread_in_native, id=3448, stack(0x0000000017690000,0x0000000017790000)]

Stack: [0x0000000017690000,0x0000000017790000]
[error occurred during error reporting (printing stack bounds), id 0xc0000005]

Native frames: (J=compiled Java code, j=interpreted, Vv=VM code, C=native code)


Current CompileTask:
C2:   6340 4739   !   4       java.security.SecureClassLoader::getProtectionDomain (114 bytes)


---------------  P R O C E S S  ---------------

Java Threads: ( => current thread )
  0x000000001c4b1000 JavaThread "Forward streams with process: command 'C:\Program Files\Java\jdk1.8.0_66\bin\java.exe' Thread 3" [_thread_in_native, id=9664, stack(0x0000000024580000,0x0000000024680000)]
  0x000000001c4a7000 JavaThread "Forward streams with process: command 'C:\Program Files\Java\jdk1.8.0_66\bin\java.exe' Thread 2" [_thread_in_native, id=6572, stack(0x0000000024480000,0x0000000024580000)]
  0x000000001c4ac800 JavaThread "Forward streams with process: command 'C:\Program Files\Java\jdk1.8.0_66\bin\java.exe'" [_thread_blocked, id=9552, stack(0x0000000024380000,0x0000000024480000)]
  0x000000001c4ab800 JavaThread "Forward streams with process: command 'C:\Program Files\Java\jdk1.8.0_66\bin\java.exe' Thread 3" [_thread_in_native, id=5600, stack(0x0000000024180000,0x0000000024280000)]
  0x000000001c4ab000 JavaThread "Forward streams with process: command 'C:\Program Files\Java\jdk1.8.0_66\bin\java.exe' Thread 2" [_thread_in_native, id=6156, stack(0x0000000024080000,0x0000000024180000)]
  0x000000001c4aa000 JavaThread "Forward streams with process: command 'C:\Program Files\Java\jdk1.8.0_66\bin\java.exe'" [_thread_blocked, id=7456, stack(0x0000000023f80000,0x0000000024080000)]
  0x000000001c4a9800 JavaThread "Forward streams with process: command 'C:\Program Files\Java\jdk1.8.0_66\bin\java.exe' Thread 3" [_thread_in_native, id=6032, stack(0x0000000023d80000,0x0000000023e80000)]
  0x000000001c4a8800 JavaThread "Forward streams with process: command 'C:\Program Files\Java\jdk1.8.0_66\bin\java.exe' Thread 2" [_thread_in_native, id=2240, stack(0x0000000023c80000,0x0000000023d80000)]
  0x000000001c4a8000 JavaThread "Forward streams with process: command 'C:\Program Files\Java\jdk1.8.0_66\bin\java.exe'" [_thread_blocked, id=9212, stack(0x0000000023b80000,0x0000000023c80000)]
  0x0000000018566000 JavaThread "Forward streams with process: command 'C:\Program Files\Java\jdk1.8.0_66\bin\java.exe' Thread 3" [_thread_in_native, id=9640, stack(0x0000000023980000,0x0000000023a80000)]
  0x0000000018567800 JavaThread "Forward streams with process: command 'C:\Program Files\Java\jdk1.8.0_66\bin\java.exe' Thread 2" [_thread_in_native, id=9736, stack(0x0000000023880000,0x0000000023980000)]
  0x0000000018567000 JavaThread "Forward streams with process: command 'C:\Program Files\Java\jdk1.8.0_66\bin\java.exe'" [_thread_blocked, id=4988, stack(0x0000000023780000,0x0000000023880000)]
  0x0000000018569000 JavaThread "Forward streams with process: command 'C:\Program Files\Java\jdk1.8.0_66\bin\java.exe' Thread 3" [_thread_in_native, id=5500, stack(0x0000000023580000,0x0000000023680000)]
  0x0000000018565800 JavaThread "Forward streams with process: command 'C:\Program Files\Java\jdk1.8.0_66\bin\java.exe' Thread 3" [_thread_in_native, id=6064, stack(0x0000000023480000,0x0000000023580000)]
  0x0000000018564000 JavaThread "Forward streams with process: command 'C:\Program Files\Java\jdk1.8.0_66\bin\java.exe' Thread 2" [_thread_in_native, id=9008, stack(0x0000000023380000,0x0000000023480000)]
  0x000000001855c800 JavaThread "Forward streams with process: command 'C:\Program Files\Java\jdk1.8.0_66\bin\java.exe' Thread 3" [_thread_in_native, id=6060, stack(0x0000000023280000,0x0000000023380000)]
  0x0000000018563000 JavaThread "Forward streams with process: command 'C:\Program Files\Java\jdk1.8.0_66\bin\java.exe' Thread 2" [_thread_in_native, id=7632, stack(0x0000000023180000,0x0000000023280000)]
  0x0000000018562800 JavaThread "Forward streams with process: command 'C:\Program Files\Java\jdk1.8.0_66\bin\java.exe'" [_thread_blocked, id=9256, stack(0x0000000023080000,0x0000000023180000)]
  0x000000001855b000 JavaThread "Forward streams with process: command 'C:\Program Files\Java\jdk1.8.0_66\bin\java.exe' Thread 2" [_thread_in_native, id=3988, stack(0x0000000022f80000,0x0000000023080000)]
  0x000000001855b800 JavaThread "Forward streams with process: command 'C:\Program Files\Java\jdk1.8.0_66\bin\java.exe'" [_thread_blocked, id=9232, stack(0x0000000022d80000,0x0000000022e80000)]
  0x000000001855d000 JavaThread "Forward streams with process: command 'C:\Program Files\Java\jdk1.8.0_66\bin\java.exe'" [_thread_blocked, id=3504, stack(0x0000000022c80000,0x0000000022d80000)]
  0x0000000018561000 JavaThread "Run command 'C:\Program Files\Java\jdk1.8.0_66\bin\java.exe'" [_thread_in_native, id=4352, stack(0x0000000022980000,0x0000000022a80000)]
  0x000000001855a000 JavaThread "Run command 'C:\Program Files\Java\jdk1.8.0_66\bin\java.exe'" [_thread_in_native, id=6420, stack(0x0000000022880000,0x0000000022980000)]
  0x0000000018560000 JavaThread "Run command 'C:\Program Files\Java\jdk1.8.0_66\bin\java.exe'" [_thread_in_native, id=1060, stack(0x0000000022780000,0x0000000022880000)]
  0x000000001855e800 JavaThread "Run command 'C:\Program Files\Java\jdk1.8.0_66\bin\java.exe'" [_thread_in_native, id=6564, stack(0x0000000022680000,0x0000000022780000)]
  0x000000001855e000 JavaThread "Run command 'C:\Program Files\Java\jdk1.8.0_66\bin\java.exe'" [_thread_in_native, id=6116, stack(0x0000000022580000,0x0000000022680000)]
  0x000000001855f800 JavaThread "Run command 'C:\Program Files\Java\jdk1.8.0_66\bin\java.exe'" [_thread_in_native, id=8968, stack(0x0000000022480000,0x0000000022580000)]
  0x000000001da9e000 JavaThread "Run command 'C:\Program Files\Java\jdk1.8.0_66\bin\java.exe'" [_thread_in_native, id=10212, stack(0x0000000022380000,0x0000000022480000)]
  0x000000001da9d000 JavaThread "pool-1-thread-7" [_thread_blocked, id=8768, stack(0x0000000022280000,0x0000000022380000)]
  0x000000001daa3000 JavaThread "pool-1-thread-6" [_thread_blocked, id=4956, stack(0x0000000022180000,0x0000000022280000)]
  0x000000001daa2800 JavaThread "pool-1-thread-5" [_thread_blocked, id=3012, stack(0x0000000022080000,0x0000000022180000)]
  0x000000001daa1800 JavaThread "pool-1-thread-4" [_thread_blocked, id=9272, stack(0x0000000021f80000,0x0000000022080000)]
  0x000000001da9f800 JavaThread "pool-1-thread-3" [_thread_blocked, id=3120, stack(0x0000000021e80000,0x0000000021f80000)]
  0x000000001da9e800 JavaThread "pool-1-thread-2" [_thread_blocked, id=1428, stack(0x000000001e5b0000,0x000000001e6b0000)]
  0x000000001daa1000 JavaThread "pool-1-thread-1" [_thread_blocked, id=9292, stack(0x000000001d270000,0x000000001d370000)]
  0x000000001daa4000 JavaThread "File lock request listener" [_thread_in_native, id=1196, stack(0x000000001cd70000,0x000000001ce70000)]
  0x0000000018ccc000 JavaThread "Stdin handler" [_thread_blocked, id=3624, stack(0x0000000019f00000,0x000000001a000000)]
  0x0000000018b49800 JavaThread "Daemon worker" [_thread_blocked, id=3628, stack(0x0000000019e00000,0x0000000019f00000)]
  0x0000000018b60800 JavaThread "Cancel handler" [_thread_blocked, id=9808, stack(0x0000000019d00000,0x0000000019e00000)]
  0x0000000018b2b800 JavaThread "Handler for socket connection from /127.0.0.1:63556 to /127.0.0.1:63559" [_thread_in_native, id=9848, stack(0x0000000019c00000,0x0000000019d00000)]
  0x0000000018b2a800 JavaThread "Daemon" [_thread_blocked, id=4876, stack(0x0000000019b00000,0x0000000019c00000)]
  0x0000000018ade800 JavaThread "Incoming local TCP Connector on port 63556" [_thread_in_native, id=824, stack(0x0000000018390000,0x0000000018490000)]
  0x000000001701a000 JavaThread "Service Thread" daemon [_thread_blocked, id=96, stack(0x0000000017990000,0x0000000017a90000)]
  0x0000000016fd0800 JavaThread "C1 CompilerThread3" daemon [_thread_blocked, id=9876, stack(0x0000000017890000,0x0000000017990000)]
  0x0000000016fc4000 JavaThread "C2 CompilerThread2" daemon [_thread_in_native, id=9384, stack(0x0000000017790000,0x0000000017890000)]
=>0x0000000016fbf000 JavaThread "C2 CompilerThread1" daemon [_thread_in_native, id=3448, stack(0x0000000017690000,0x0000000017790000)]
  0x0000000016fb5800 JavaThread "C2 CompilerThread0" daemon [_thread_blocked, id=4264, stack(0x0000000017590000,0x0000000017690000)]
  0x0000000016fb4000 JavaThread "Attach Listener" daemon [_thread_blocked, id=10132, stack(0x0000000017490000,0x0000000017590000)]
  0x0000000016fb3000 JavaThread "Signal Dispatcher" daemon [_thread_blocked, id=8172, stack(0x0000000017390000,0x0000000017490000)]
  0x00000000023ba800 JavaThread "Finalizer" daemon [_thread_blocked, id=4320, stack(0x0000000016db0000,0x0000000016eb0000)]
  0x00000000023b4000 JavaThread "Reference Handler" daemon [_thread_blocked, id=10100, stack(0x0000000016cb0000,0x0000000016db0000)]
  0x00000000022be000 JavaThread "main" [_thread_blocked, id=1392, stack(0x0000000002170000,0x0000000002270000)]

Other Threads:
  0x0000000014ed9000 VMThread [stack: 0x0000000016bb0000,0x0000000016cb0000] [id=2416]
  0x000000001701f000 WatcherThread [stack: 0x0000000017a90000,0x0000000017b90000] [id=8100]

VM state:not at safepoint (normal execution)

VM Mutex/Monitor currently owned by a thread: None

Heap:
 PSYoungGen      total 141824K, used 47751K [0x00000000eab00000, 0x00000000f5280000, 0x0000000100000000)
  eden space 132096K, 29% used [0x00000000eab00000,0x00000000ed08fad0,0x00000000f2c00000)
  from space 9728K, 95% used [0x00000000f4900000,0x00000000f5212168,0x00000000f5280000)
  to   space 17920K, 0% used [0x00000000f2f80000,0x00000000f2f80000,0x00000000f4100000)
 ParOldGen       total 142848K, used 22887K [0x00000000c0000000, 0x00000000c8b80000, 0x00000000eab00000)
  object space 142848K, 16% used [0x00000000c0000000,0x00000000c1659d68,0x00000000c8b80000)
 Metaspace       used 38944K, capacity 39844K, committed 40064K, reserved 1083392K
  class space    used 5433K, capacity 5652K, committed 5760K, reserved 1048576K

Card table byte_map: [0x0000000011780000,0x0000000011990000] byte_map_base: 0x0000000011180000

Marking Bits: (ParMarkBitMap*) 0x000000007182a5b0
 Begin Bits: [0x00000000122f0000, 0x00000000132f0000)
 End Bits:   [0x00000000132f0000, 0x00000000142f0000)

Polling page: 0x00000000020c0000

CodeCache: size=245760Kb used=15668Kb max_used=17408Kb free=230091Kb
 bounds [0x00000000023c0000, 0x00000000034d0000, 0x00000000113c0000]
 total_blobs=5065 nmethods=4385 adapters=591
 compilation: enabled

Compilation events (10 events):
Event: 6.286 Thread 0x0000000016fd0800 4783       3       java.util.concurrent.locks.ReentrantLock::unlock (10 bytes)
Event: 6.286 Thread 0x0000000016fb5800 4784       4       java.lang.Thread::interrupted (8 bytes)
Event: 6.289 Thread 0x0000000016fd0800 nmethod 4783 0x00000000025e3190 code [0x00000000025e3320, 0x00000000025e3718]
Event: 6.289 Thread 0x0000000016fd0800 4786       3       java.lang.Thread::isInterrupted (6 bytes)
Event: 6.301 Thread 0x0000000016fd0800 nmethod 4786 0x000000000273b410 code [0x000000000273b580, 0x000000000273b708]
Event: 6.301 Thread 0x0000000016fd0800 4785       3       sun.misc.Unsafe::getAndAddInt (27 bytes)
Event: 6.301 Thread 0x0000000016fb5800 nmethod 4784 0x00000000025be610 code [0x00000000025be760, 0x00000000025be7e8]
Event: 6.301 Thread 0x0000000016fd0800 nmethod 4785 0x00000000028151d0 code [0x0000000002815340, 0x0000000002815550]
Event: 6.307 Thread 0x0000000016fd0800 4787       3       java.util.concurrent.SynchronousQueue$TransferStack::shouldSpin (30 bytes)
Event: 6.308 Thread 0x0000000016fd0800 nmethod 4787 0x00000000027fc1d0 code [0x00000000027fc340, 0x00000000027fc630]

GC Heap History (10 events):
Event: 3.602 GC heap before
{Heap before GC invocations=6 (full 1):
 PSYoungGen      total 75264K, used 75072K [0x00000000eab00000, 0x00000000f1880000, 0x0000000100000000)
  eden space 69632K, 100% used [0x00000000eab00000,0x00000000eef00000,0x00000000eef00000)
  from space 5632K, 96% used [0x00000000f1300000,0x00000000f18503a0,0x00000000f1880000)
  to   space 8192K, 0% used [0x00000000f0880000,0x00000000f0880000,0x00000000f1080000)
 ParOldGen       total 89600K, used 9623K [0x00000000c0000000, 0x00000000c5780000, 0x00000000eab00000)
  object space 89600K, 10% used [0x00000000c0000000,0x00000000c0965c20,0x00000000c5780000)
 Metaspace       used 28054K, capacity 28438K, committed 28544K, reserved 1073152K
  class space    used 3780K, capacity 3908K, committed 3968K, reserved 1048576K
Event: 3.607 GC heap after
Heap after GC invocations=6 (full 1):
 PSYoungGen      total 103936K, used 6057K [0x00000000eab00000, 0x00000000f2080000, 0x0000000100000000)
  eden space 95744K, 0% used [0x00000000eab00000,0x00000000eab00000,0x00000000f0880000)
  from space 8192K, 73% used [0x00000000f0880000,0x00000000f0e6a578,0x00000000f1080000)
  to   space 12288K, 0% used [0x00000000f1480000,0x00000000f1480000,0x00000000f2080000)
 ParOldGen       total 89600K, used 9695K [0x00000000c0000000, 0x00000000c5780000, 0x00000000eab00000)
  object space 89600K, 10% used [0x00000000c0000000,0x00000000c0977c30,0x00000000c5780000)
 Metaspace       used 28054K, capacity 28438K, committed 28544K, reserved 1073152K
  class space    used 3780K, capacity 3908K, committed 3968K, reserved 1048576K
}
Event: 4.672 GC heap before
{Heap before GC invocations=7 (full 1):
 PSYoungGen      total 103936K, used 101801K [0x00000000eab00000, 0x00000000f2080000, 0x0000000100000000)
  eden space 95744K, 100% used [0x00000000eab00000,0x00000000f0880000,0x00000000f0880000)
  from space 8192K, 73% used [0x00000000f0880000,0x00000000f0e6a578,0x00000000f1080000)
  to   space 12288K, 0% used [0x00000000f1480000,0x00000000f1480000,0x00000000f2080000)
 ParOldGen       total 89600K, used 9695K [0x00000000c0000000, 0x00000000c5780000, 0x00000000eab00000)
  object space 89600K, 10% used [0x00000000c0000000,0x00000000c0977c30,0x00000000c5780000)
 Metaspace       used 34252K, capacity 34940K, committed 35072K, reserved 1079296K
  class space    used 4681K, capacity 4850K, committed 4864K, reserved 1048576K
Event: 4.687 GC heap after
Heap after GC invocations=7 (full 1):
 PSYoungGen      total 103936K, used 12272K [0x00000000eab00000, 0x00000000f4c80000, 0x0000000100000000)
  eden space 91648K, 0% used [0x00000000eab00000,0x00000000eab00000,0x00000000f0480000)
  from space 12288K, 99% used [0x00000000f1480000,0x00000000f207c150,0x00000000f2080000)
  to   space 16384K, 0% used [0x00000000f0480000,0x00000000f0480000,0x00000000f1480000)
 ParOldGen       total 89600K, used 13928K [0x00000000c0000000, 0x00000000c5780000, 0x00000000eab00000)
  object space 89600K, 15% used [0x00000000c0000000,0x00000000c0d9a398,0x00000000c5780000)
 Metaspace       used 34252K, capacity 34940K, committed 35072K, reserved 1079296K
  class space    used 4681K, capacity 4850K, committed 4864K, reserved 1048576K
}
Event: 4.851 GC heap before
{Heap before GC invocations=8 (full 1):
 PSYoungGen      total 103936K, used 34566K [0x00000000eab00000, 0x00000000f4c80000, 0x0000000100000000)
  eden space 91648K, 24% used [0x00000000eab00000,0x00000000ec0c5710,0x00000000f0480000)
  from space 12288K, 99% used [0x00000000f1480000,0x00000000f207c150,0x00000000f2080000)
  to   space 16384K, 0% used [0x00000000f0480000,0x00000000f0480000,0x00000000f1480000)
 ParOldGen       total 89600K, used 13928K [0x00000000c0000000, 0x00000000c5780000, 0x00000000eab00000)
  object space 89600K, 15% used [0x00000000c0000000,0x00000000c0d9a398,0x00000000c5780000)
 Metaspace       used 34767K, capacity 35430K, committed 35456K, reserved 1079296K
  class space    used 4776K, capacity 4969K, committed 4992K, reserved 1048576K
Event: 4.862 GC heap after
Heap after GC invocations=8 (full 1):
 PSYoungGen      total 108032K, used 15230K [0x00000000eab00000, 0x00000000f5b00000, 0x0000000100000000)
  eden space 91648K, 0% used [0x00000000eab00000,0x00000000eab00000,0x00000000f0480000)
  from space 16384K, 92% used [0x00000000f0480000,0x00000000f135f998,0x00000000f1480000)
  to   space 18432K, 0% used [0x00000000f4900000,0x00000000f4900000,0x00000000f5b00000)
 ParOldGen       total 89600K, used 13936K [0x00000000c0000000, 0x00000000c5780000, 0x00000000eab00000)
  object space 89600K, 15% used [0x00000000c0000000,0x00000000c0d9c398,0x00000000c5780000)
 Metaspace       used 34767K, capacity 35430K, committed 35456K, reserved 1079296K
  class space    used 4776K, capacity 4969K, committed 4992K, reserved 1048576K
}
Event: 4.862 GC heap before
{Heap before GC invocations=9 (full 2):
 PSYoungGen      total 108032K, used 15230K [0x00000000eab00000, 0x00000000f5b00000, 0x0000000100000000)
  eden space 91648K, 0% used [0x00000000eab00000,0x00000000eab00000,0x00000000f0480000)
  from space 16384K, 92% used [0x00000000f0480000,0x00000000f135f998,0x00000000f1480000)
  to   space 18432K, 0% used [0x00000000f4900000,0x00000000f4900000,0x00000000f5b00000)
 ParOldGen       total 89600K, used 13936K [0x00000000c0000000, 0x00000000c5780000, 0x00000000eab00000)
  object space 89600K, 15% used [0x00000000c0000000,0x00000000c0d9c398,0x00000000c5780000)
 Metaspace       used 34767K, capacity 35430K, committed 35456K, reserved 1079296K
  class space    used 4776K, capacity 4969K, committed 4992K, reserved 1048576K
Event: 4.951 GC heap after
Heap after GC invocations=9 (full 2):
 PSYoungGen      total 108032K, used 0K [0x00000000eab00000, 0x00000000f5b00000, 0x0000000100000000)
  eden space 91648K, 0% used [0x00000000eab00000,0x00000000eab00000,0x00000000f0480000)
  from space 16384K, 0% used [0x00000000f0480000,0x00000000f0480000,0x00000000f1480000)
  to   space 18432K, 0% used [0x00000000f4900000,0x00000000f4900000,0x00000000f5b00000)
 ParOldGen       total 142848K, used 22879K [0x00000000c0000000, 0x00000000c8b80000, 0x00000000eab00000)
  object space 142848K, 16% used [0x00000000c0000000,0x00000000c1657d68,0x00000000c8b80000)
 Metaspace       used 34767K, capacity 35430K, committed 35456K, reserved 1079296K
  class space    used 4776K, capacity 4969K, committed 4992K, reserved 1048576K
}
Event: 6.063 GC heap before
{Heap before GC invocations=10 (full 2):
 PSYoungGen      total 108032K, used 91648K [0x00000000eab00000, 0x00000000f5b00000, 0x0000000100000000)
  eden space 91648K, 100% used [0x00000000eab00000,0x00000000f0480000,0x00000000f0480000)
  from space 16384K, 0% used [0x00000000f0480000,0x00000000f0480000,0x00000000f1480000)
  to   space 18432K, 0% used [0x00000000f4900000,0x00000000f4900000,0x00000000f5b00000)
 ParOldGen       total 142848K, used 22879K [0x00000000c0000000, 0x00000000c8b80000, 0x00000000eab00000)
  object space 142848K, 16% used [0x00000000c0000000,0x00000000c1657d68,0x00000000c8b80000)
 Metaspace       used 38550K, capacity 39486K, committed 39680K, reserved 1083392K
  class space    used 5370K, capacity 5619K, committed 5632K, reserved 1048576K
Event: 6.070 GC heap after
Heap after GC invocations=10 (full 2):
 PSYoungGen      total 141824K, used 9288K [0x00000000eab00000, 0x00000000f5280000, 0x0000000100000000)
  eden space 132096K, 0% used [0x00000000eab00000,0x00000000eab00000,0x00000000f2c00000)
  from space 9728K, 95% used [0x00000000f4900000,0x00000000f5212168,0x00000000f5280000)
  to   space 17920K, 0% used [0x00000000f2f80000,0x00000000f2f80000,0x00000000f4100000)
 ParOldGen       total 142848K, used 22887K [0x00000000c0000000, 0x00000000c8b80000, 0x00000000eab00000)
  object space 142848K, 16% used [0x00000000c0000000,0x00000000c1659d68,0x00000000c8b80000)
 Metaspace       used 38550K, capacity 39486K, committed 39680K, reserved 1083392K
  class space    used 5370K, capacity 5619K, committed 5632K, reserved 1048576K
}

Deoptimization events (10 events):
Event: 6.233 Thread 0x0000000018b49800 Uncommon trap: reason=bimorphic action=maybe_recompile pc=0x000000000308043c method=java.util.AbstractList$Itr.next()Ljava/lang/Object; @ 14
Event: 6.233 Thread 0x0000000018b49800 Uncommon trap: reason=bimorphic action=maybe_recompile pc=0x000000000308043c method=java.util.AbstractList$Itr.next()Ljava/lang/Object; @ 14
Event: 6.233 Thread 0x0000000018b49800 Uncommon trap: reason=bimorphic action=maybe_recompile pc=0x000000000308043c method=java.util.AbstractList$Itr.next()Ljava/lang/Object; @ 14
Event: 6.250 Thread 0x000000001daa3000 Uncommon trap: reason=unstable_if action=reinterpret pc=0x0000000002ed08cc method=java.lang.ThreadLocal.get()Ljava/lang/Object; @ 11
Event: 6.256 Thread 0x000000001daa3000 Uncommon trap: reason=unstable_if action=reinterpret pc=0x00000000032ef4d4 method=java.util.concurrent.locks.AbstractQueuedSynchronizer.release(I)Z @ 14
Event: 6.265 Thread 0x000000001daa1800 Uncommon trap: reason=unstable_if action=reinterpret pc=0x000000000286c84c method=java.util.concurrent.ConcurrentHashMap.putVal(Ljava/lang/Object;Ljava/lang/Object;Z)Ljava/lang/Object; @ 98
Event: 6.265 Thread 0x000000001daa1000 Uncommon trap: reason=class_check action=maybe_recompile pc=0x000000000286c9ac method=java.util.concurrent.ConcurrentHashMap.putVal(Ljava/lang/Object;Ljava/lang/Object;Z)Ljava/lang/Object; @ 192
Event: 6.265 Thread 0x000000001da9f800 Uncommon trap: reason=class_check action=maybe_recompile pc=0x000000000286c9ac method=java.util.concurrent.ConcurrentHashMap.putVal(Ljava/lang/Object;Ljava/lang/Object;Z)Ljava/lang/Object; @ 192
Event: 6.274 Thread 0x000000001855e800 Uncommon trap: reason=unstable_if action=reinterpret pc=0x00000000033c8120 method=java.util.concurrent.locks.AbstractQueuedSynchronizer.release(I)Z @ 14
Event: 6.274 Thread 0x000000001da9e000 Uncommon trap: reason=unstable_if action=reinterpret pc=0x00000000033c8120 method=java.util.concurrent.locks.AbstractQueuedSynchronizer.release(I)Z @ 14

Internal exceptions (10 events):
Event: 5.756 Thread 0x0000000018b49800 Exception <a 'java/lang/ClassNotFoundException': com/android/sdklib/BuildToolInfoCustomizer> (0x00000000ef1e4cc0) thrown at [C:\re\workspace\8-2-build-windows-amd64-cygwin\jdk8u66\5298\hotspot\src\share\vm\classfile\systemDictionary.cpp, line 210]
Event: 5.758 Thread 0x0000000018b49800 Exception <a 'java/lang/ClassNotFoundException': com/android/builder/model/AndroidProjectBeanInfo> (0x00000000ef215030) thrown at [C:\re\workspace\8-2-build-windows-amd64-cygwin\jdk8u66\5298\hotspot\src\share\vm\classfile\systemDictionary.cpp, line 210]
Event: 5.758 Thread 0x0000000018b49800 Exception <a 'java/lang/ClassNotFoundException': com/android/builder/model/AndroidProjectCustomizer> (0x00000000ef223c00) thrown at [C:\re\workspace\8-2-build-windows-amd64-cygwin\jdk8u66\5298\hotspot\src\share\vm\classfile\systemDictionary.cpp, line 210]
Event: 5.760 Thread 0x0000000018b49800 Exception <a 'java/lang/ClassNotFoundException': java/io/FileBeanInfo> (0x00000000ef275da8) thrown at [C:\re\workspace\8-2-build-windows-amd64-cygwin\jdk8u66\5298\hotspot\src\share\vm\classfile\systemDictionary.cpp, line 210]
Event: 5.760 Thread 0x0000000018b49800 Exception <a 'java/lang/ClassNotFoundException': java/io/FileCustomizer> (0x00000000ef27af98) thrown at [C:\re\workspace\8-2-build-windows-amd64-cygwin\jdk8u66\5298\hotspot\src\share\vm\classfile\systemDictionary.cpp, line 210]
Event: 5.763 Thread 0x0000000018b49800 Exception <a 'java/lang/ClassNotFoundException': com/android/builder/core/DefaultApiVersionBeanInfo> (0x00000000ef2cf2c8) thrown at [C:\re\workspace\8-2-build-windows-amd64-cygwin\jdk8u66\5298\hotspot\src\share\vm\classfile\systemDictionary.cpp, line 210]
Event: 5.763 Thread 0x0000000018b49800 Exception <a 'java/lang/ClassNotFoundException': com/android/builder/core/DefaultApiVersionCustomizer> (0x00000000ef2de8c0) thrown at [C:\re\workspace\8-2-build-windows-amd64-cygwin\jdk8u66\5298\hotspot\src\share\vm\classfile\systemDictionary.cpp, line 210è|0\@
Event: 5.778 Thread 0x0000000018b49800 Exception <a 'java/lang/ClassNotFoundException': com/google/common/collect/ListsBeanInfo> (0x00000000ef38add8) thrown at [C:\re\workspace\8-2-build-windows-amd64-cygwin\jdk8u66\5298\hotspot\src\share\vm\classfile\systemDictionary.cpp, line 210]
Event: 5.778 Thread 0x0000000018b49800 Exception <a 'java/lang/ClassNotFoundException': com/google/common/collect/ListsCustomizer> (0x00000000ef3984b8) thrown at [C:\re\workspace\8-2-build-windows-amd64-cygwin\jdk8u66\5298\hotspot\src\share\vm\classfile\systemDictionary.cpp, line 210]
Event: 6.250 Thread 0x000000001daa3000 Implicit null exception at 0x0000000002ed0828 to 0x0000000002ed08b9

Events (10 events):
Event: 6.301 Thread 0x000000001c4ac800 Thread added: 0x000000001c4ac800
Event: 6.301 Thread 0x000000001c4a7000 Thread added: 0x000000001c4a7000
Event: 6.301 Thread 0x000000001c4b1000 Thread added: 0x000000001c4b1000
Event: 6.301 Executing VM operation: RevokeBias
Event: 6.307 Executing VM operation: RevokeBias done
Event: 6.307 Thread 0x0000000018568800 Thread exited: 0x0000000018568800
Event: 6.307 Thread 0x000000001c4ad000 Thread exited: 0x000000001c4ad000
Event: 6.307 Executing VM operation: RevokeBias
Event: 6.307 Executing VM operation: RevokeBias done
Event: 6.307 Thread 0x000000001c4ae000 Thread exited: 0x000000001c4ae000


Dynamic libraries:
0x00007ff6963b0000 - 0x00007ff6963e7000 	C:\Program Files\Java\jdk1.8.0_66\bin\java.exe
0x00007fff99910000 - 0x00007fff99ad1000 	C:\Windows\SYSTEM32\ntdll.dll
0x00007fff991e0000 - 0x00007fff9928d000 	C:\Windows\system32\KERNEL32.DLL
0x00007fff961d0000 - 0x00007fff963b8000 	C:\Windows\system32\KERNELBASE.dll
0x00007fff98ea0000 - 0x00007fff98f47000 	C:\Windows\system32\ADVAPI32.dll
0x00007fff972e0000 - 0x00007fff9737d000 	C:\Windows\system32\msvcrt.dll
0x00007fff96e40000 - 0x00007fff96e9b000 	C:\Windows\system32\sechost.dll
0x00007fff98a70000 - 0x00007fff98b8c000 	C:\Windows\system32\RPCRT4.dll
0x00007fff96ea0000 - 0x00007fff96ff6000 	C:\Windows\system32\USER32.dll
0x00007fff97150000 - 0x00007fff972d6000 	C:\Windows\system32\GDI32.dll
0x00007fff8b380000 - 0x00007fff8b5f4000 	C:\Windows\WinSxS\amd64_microsoft.windows.common-controls_6595b64144ccf1df_6.0.10586.0_none_8c15ae12515e1c22\COMCTL32.dll
0x00007fff98f60000 - 0x00007fff991dd000 	C:\Windows\system32\combase.dll
0x00007fff96480000 - 0x00007fff964ea000 	C:\Windows\system32\bcryptPrimitives.dll
0x00007fff98960000 - 0x00007fff9899b000 	C:\Windows\system32\IMM32.DLL
0x0000000070a00000 - 0x0000000070ad2000 	C:\Program Files\Java\jdk1.8.0_66\jre\bin\msvcr100.dll
0x0000000071020000 - 0x00000000718a9000 	C:\Program Files\Java\jdk1.8.0_66\jre\bin\server\jvm.dll
0x00007fff96e30000 - 0x00007fff96e38000 	C:\Windows\system32\PSAPI.DLL
0x00007fff93e80000 - 0x00007fff93ea3000 	C:\Windows\SYSTEM32\WINMM.dll
0x00007fff914e0000 - 0x00007fff914e9000 	C:\Windows\SYSTEM32\WSOCK32.dll
0x00007fff8f7e0000 - 0x00007fff8f7ea000 	C:\Windows\SYSTEM32\VERSION.dll
0x00007fff989a0000 - 0x00007fff98a0b000 	C:\Windows\system32\WS2_32.dll
0x00007fff93e20000 - 0x00007fff93e4c000 	C:\Windows\SYSTEM32\winmmbase.dll
0x00007fff96070000 - 0x00007fff960b3000 	C:\Windows\system32\cfgmgr32.dll
0x0000000071aa0000 - 0x0000000071aaf000 	C:\Program Files\Java\jdk1.8.0_66\jre\bin\verify.dll
0x0000000071a70000 - 0x0000000071a99000 	C:\Program Files\Java\jdk1.8.0_66\jre\bin\java.dll
0x0000000071a50000 - 0x0000000071a66000 	C:\Program Files\Java\jdk1.8.0_66\jre\bin\zip.dll
0x00007fff97380000 - 0x00007fff988df000 	C:\Windows\system32\SHELL32.dll
0x00007fff964f0000 - 0x00007fff96b34000 	C:\Windows\system32\windows.storage.dll
0x00007fff99470000 - 0x00007fff994c2000 	C:\Windows\system32\shlwapi.dll
0x00007fff95fb0000 - 0x00007fff95fbf000 	C:\Windows\system32\kernel.appcore.dll
0x00007fff963c0000 - 0x00007fff96475000 	C:\Windows\system32\shcore.dll
0x00007fff95f50000 - 0x00007fff95f9b000 	C:\Windows\system32\powrprof.dll
0x00007fff95f30000 - 0x00007fff95f44000 	C:\Windows\system32\profapi.dll
0x0000000071a30000 - 0x0000000071a4a000 	C:\Program Files\Java\jdk1.8.0_66\jre\bin\net.dll
0x00007fff95860000 - 0x00007fff958bc000 	C:\Windows\system32\mswsock.dll
0x0000000071a10000 - 0x0000000071a21000 	C:\Program Files\Java\jdk1.8.0_66\jre\bin\nio.dll
0x00007fff90560000 - 0x00007fff90572000 	C:\Users\riley\.gradle\native\19\windows-amd64\native-platform.dll
0x00007fff931f0000 - 0x00007fff93228000 	C:\Windows\SYSTEM32\IPHLPAPI.DLL
0x00007fff98f50000 - 0x00007fff98f58000 	C:\Windows\system32\NSI.dll
0x00007fff923f0000 - 0x00007fff92406000 	C:\Windows\SYSTEM32\dhcpcsvc6.DLL
0x00007fff923d0000 - 0x00007fff923ea000 	C:\Windows\SYSTEM32\dhcpcsvc.DLL
0x00007fff95910000 - 0x00007fff95927000 	C:\Windows\SYSTEM32\CRYPTSP.dll
0x00007fff955a0000 - 0x00007fff955d4000 	C:\Windows\system32\rsaenh.dll
0x00007fff95b30000 - 0x00007fff95b59000 	C:\Windows\SYSTEM32\bcrypt.dll
0x00007fff956f0000 - 0x00007fff9570f000 	C:\Windows\SYSTEM32\USERENV.dll
0x00007fff95a30000 - 0x00007fff95a3b000 	C:\Windows\SYSTEM32\CRYPTBASE.dll
0x00000000719b0000 - 0x00000000719bd000 	C:\Program Files\Java\jdk1.8.0_66\jre\bin\management.dll

VM Arguments:
jvm_args: -XX:MaxPermSize=256m -XX:+HeapDumpOnOutOfMemoryError -Xmx1024m -Dfile.encoding=windows-1252 -Duser.country=CA -Duser.language=en -Duser.variant 
java_command: org.gradle.launcher.daemon.bootstrap.GradleDaemon 2.8
java_class_path (initial): C:\Program Files\Android\Android Studio\gradle\gradle-2.8\lib\gradle-launcher-2.8.jar
Launcher Type: SUN_STANDARD

Environment Variables:
PATH=C:\ProgramData\Oracle\Java\javapath;C:\Windows\system32;C:\Windows;C:\Windows\System32\Wbem;C:\Windows\System32\WindowsPowerShell\v1.0\;C:\Program Files (x86)\ATI Technologies\ATI.ACE\Core-Static;C:\Program Files (x86)\Skype\Phone\;C:\Program Files\nodejs\;C:\Program Files\FileBot\;C:\Program Files (x86)\GtkSharp\2.12\bin;C:\Program Files\Git\cmd;C:\Users\riley\AppData\Roaming\npm
USERNAME=riley
OS=Windows_NT
PROCESSOR_IDENTIFIER=Intel64 Family 6 Model 42 Stepping 7, GenuineIntel



---------------  S Y S T E M  ---------------

OS: Windows 10.0 , 64 bit Build 10586 (10.0.10586.0)

CPU:total 8 (4 cores per cpu, 2 threads per core) family 6 model 42 stepping 7, cmov, cx8, fxsr, mmx, sse, sse2, sse3, ssse3, sse4.1, sse4.2, popcnt, avx, aes, clmul, ht, tsc, tscinvbit

Memory: 4k page, physical 12546948k(3783532k free), swap 12546948k(8376k free)

vm_info: Java HotSpot(TM) 64-Bit Server VM (25.66-b18) for windows-amd64 JRE (1.8.0_66-b18), built on Nov  9 2015 10:51:13 by "java_re" with MS VC++ 10.0 (VS2010)

time: Sat Feb 06 15:20:39 2016
elapsed time: 6 seconds (0d 0h 0m 6s)

