#
# There is insufficient memory for the Java Runtime Environment to continue.
# Native memory allocation (malloc) failed to allocate 1588176 bytes for Chunk::new
# Possible reasons:
#   The system is out of physical RAM or swap space
#   In 32 bit mode, the process size limit was hit
# Possible solutions:
#   Reduce memory load on the system
#   Increase physical memory or swap space
#   Check if swap backing store is full
#   Use 64 bit Java on a 64 bit OS
#   Decrease Java heap size (-Xmx/-Xms)
#   Decrease number of Java threads
#   Decrease Java thread stack sizes (-Xss)
#   Set larger code cache with -XX:ReservedCodeCacheSize=
# This output file may be truncated or incomplete.
#
#  Out of Memory Error (allocation.cpp:390), pid=9468, tid=9408
#
# JRE version: Java(TM) SE Runtime Environment (8.0_66-b18) (build 1.8.0_66-b18)
# Java VM: Java HotSpot(TM) 64-Bit Server VM (25.66-b18 mixed mode windows-amd64 compressed oops)
# Failed to write core dump. Minidumps are not enabled by default on client versions of Windows
#

---------------  T H R E A D  ---------------

Current thread (0x0000000016f36000):  JavaThread "C2 CompilerThread0" daemon [_thread_in_native, id=9408, stack(0x0000000017510000,0x0000000017610000)]

Stack: [0x0000000017510000,0x0000000017610000]
[error occurred during error reporting (printing stack bounds), id 0xc0000005]

Native frames: (J=compiled Java code, j=interpreted, Vv=VM code, C=native code)


Current CompileTask:
C2:   6492 4738       4       java.io.WinNTFileSystem::normalize (143 bytes)


---------------  P R O C E S S  ---------------

Java Threads: ( => current thread )
  0x000000001b03b000 JavaThread "Forward streams with process: command 'C:\Program Files\Java\jdk1.8.0_66\bin\java.exe' Thread 3" [_thread_in_native, id=6116, stack(0x0000000024630000,0x0000000024730000)]
  0x000000001b039800 JavaThread "Forward streams with process: command 'C:\Program Files\Java\jdk1.8.0_66\bin\java.exe' Thread 2" [_thread_in_native, id=4988, stack(0x0000000024530000,0x0000000024630000)]
  0x000000001b03b800 JavaThread "Forward streams with process: command 'C:\Program Files\Java\jdk1.8.0_66\bin\java.exe'" [_thread_blocked, id=9736, stack(0x0000000024430000,0x0000000024530000)]
  0x000000001b03d000 JavaThread "Forward streams with process: command 'C:\Program Files\Java\jdk1.8.0_66\bin\java.exe' Thread 3" [_thread_in_native, id=756, stack(0x0000000024230000,0x0000000024330000)]
  0x000000001b03a000 JavaThread "Forward streams with process: command 'C:\Program Files\Java\jdk1.8.0_66\bin\java.exe' Thread 2" [_thread_in_native, id=4008, stack(0x0000000024130000,0x0000000024230000)]
  0x000000001b037000 JavaThread "Forward streams with process: command 'C:\Program Files\Java\jdk1.8.0_66\bin\java.exe'" [_thread_blocked, id=9352, stack(0x0000000024030000,0x0000000024130000)]
  0x000000001b038000 JavaThread "Forward streams with process: command 'C:\Program Files\Java\jdk1.8.0_66\bin\java.exe' Thread 3" [_thread_in_native, id=4624, stack(0x0000000023e30000,0x0000000023f30000)]
  0x000000001f502000 JavaThread "Forward streams with process: command 'C:\Program Files\Java\jdk1.8.0_66\bin\java.exe' Thread 2" [_thread_in_native, id=2860, stack(0x0000000023d30000,0x0000000023e30000)]
  0x000000001f4fe800 JavaThread "Forward streams with process: command 'C:\Program Files\Java\jdk1.8.0_66\bin\java.exe'" [_thread_blocked, id=2792, stack(0x0000000023c30000,0x0000000023d30000)]
  0x000000001f501800 JavaThread "Forward streams with process: command 'C:\Program Files\Java\jdk1.8.0_66\bin\java.exe' Thread 3" [_thread_in_native, id=668, stack(0x0000000023a30000,0x0000000023b30000)]
  0x000000001f500800 JavaThread "Forward streams with process: command 'C:\Program Files\Java\jdk1.8.0_66\bin\java.exe' Thread 2" [_thread_in_native, id=9464, stack(0x0000000023930000,0x0000000023a30000)]
  0x000000001f4ff000 JavaThread "Forward streams with process: command 'C:\Program Files\Java\jdk1.8.0_66\bin\java.exe'" [_thread_blocked, id=9236, stack(0x0000000023830000,0x0000000023930000)]
  0x000000001f4fd000 JavaThread "Forward streams with process: command 'C:\Program Files\Java\jdk1.8.0_66\bin\java.exe' Thread 3" [_thread_in_native, id=3488, stack(0x0000000023630000,0x0000000023730000)]
  0x000000001f4fc000 JavaThread "Forward streams with process: command 'C:\Program Files\Java\jdk1.8.0_66\bin\java.exe' Thread 2" [_thread_in_native, id=9604, stack(0x0000000023530000,0x0000000023630000)]
  0x000000001f500000 JavaThread "Forward streams with process: command 'C:\Program Files\Java\jdk1.8.0_66\bin\java.exe' Thread 3" [_thread_in_native, id=8440, stack(0x0000000023430000,0x0000000023530000)]
  0x000000001f4f7800 JavaThread "Forward streams with process: command 'C:\Program Files\Java\jdk1.8.0_66\bin\java.exe' Thread 3" [_thread_in_native, id=2748, stack(0x0000000023330000,0x0000000023430000)]
  0x000000001f4fb800 JavaThread "Forward streams with process: command 'C:\Program Files\Java\jdk1.8.0_66\bin\java.exe' Thread 2" [_thread_in_native, id=7744, stack(0x0000000023230000,0x0000000023330000)]
  0x000000001f4fa800 JavaThread "Forward streams with process: command 'C:\Program Files\Java\jdk1.8.0_66\bin\java.exe' Thread 2" [_thread_in_native, id=6072, stack(0x0000000023130000,0x0000000023230000)]
  0x000000001f4f9000 JavaThread "Forward streams with process: command 'C:\Program Files\Java\jdk1.8.0_66\bin\java.exe'" [_thread_blocked, id=4056, stack(0x0000000023030000,0x0000000023130000)]
  0x000000001f4f8800 JavaThread "Forward streams with process: command 'C:\Program Files\Java\jdk1.8.0_66\bin\java.exe'" [_thread_blocked, id=10176, stack(0x0000000022f30000,0x0000000023030000)]
  0x000000001f4fd800 JavaThread "Forward streams with process: command 'C:\Program Files\Java\jdk1.8.0_66\bin\java.exe'" [_thread_blocked, id=4680, stack(0x0000000022e30000,0x0000000022f30000)]
  0x000000001f4f7000 JavaThread "Run command 'C:\Program Files\Java\jdk1.8.0_66\bin\java.exe'" [_thread_in_native, id=9728, stack(0x0000000022a30000,0x0000000022b30000)]
  0x000000001f4f3000 JavaThread "Run command 'C:\Program Files\Java\jdk1.8.0_66\bin\java.exe'" [_thread_in_native, id=7968, stack(0x0000000022930000,0x0000000022a30000)]
  0x000000001f4f5800 JavaThread "Run command 'C:\Program Files\Java\jdk1.8.0_66\bin\java.exe'" [_thread_in_native, id=8788, stack(0x0000000022830000,0x0000000022930000)]
  0x000000001f4f4800 JavaThread "Run command 'C:\Program Files\Java\jdk1.8.0_66\bin\java.exe'" [_thread_in_native, id=6228, stack(0x0000000022730000,0x0000000022830000)]
  0x000000001f4fa000 JavaThread "Run command 'C:\Program Files\Java\jdk1.8.0_66\bin\java.exe'" [_thread_in_native, id=8152, stack(0x0000000022630000,0x0000000022730000)]
  0x000000001f4f6000 JavaThread "Run command 'C:\Program Files\Java\jdk1.8.0_66\bin\java.exe'" [_thread_in_native, id=4728, stack(0x0000000022530000,0x0000000022630000)]
  0x0000000019285800 JavaThread "Run command 'C:\Program Files\Java\jdk1.8.0_66\bin\java.exe'" [_thread_in_native, id=4884, stack(0x0000000022430000,0x0000000022530000)]
  0x0000000019282000 JavaThread "pool-1-thread-7" [_thread_blocked, id=3268, stack(0x0000000022330000,0x0000000022430000)]
  0x0000000019281000 JavaThread "pool-1-thread-6" [_thread_blocked, id=6384, stack(0x0000000022230000,0x0000000022330000)]
  0x0000000019280800 JavaThread "pool-1-thread-5" [_thread_blocked, id=5076, stack(0x0000000022130000,0x0000000022230000)]
  0x0000000019284000 JavaThread "pool-1-thread-4" [_thread_blocked, id=9668, stack(0x0000000021b80000,0x0000000021c80000)]
  0x000000001927f800 JavaThread "pool-1-thread-3" [_thread_blocked, id=784, stack(0x0000000020840000,0x0000000020940000)]
  0x0000000019286800 JavaThread "pool-1-thread-2" [_thread_blocked, id=8708, stack(0x000000001e700000,0x000000001e800000)]
  0x0000000019285000 JavaThread "pool-1-thread-1" [_thread_blocked, id=6992, stack(0x000000001e600000,0x000000001e700000)]
  0x0000000019283800 JavaThread "File lock request listener" [_thread_in_native, id=7820, stack(0x000000001df00000,0x000000001e000000)]
  0x0000000018cc4800 JavaThread "Stdin handler" [_thread_blocked, id=3388, stack(0x0000000019ec0000,0x0000000019fc0000)]
  0x0000000018c97800 JavaThread "Daemon worker" [_thread_blocked, id=1184, stack(0x0000000019dc0000,0x0000000019ec0000)]
  0x0000000018cdb800 JavaThread "Cancel handler" [_thread_blocked, id=9348, stack(0x0000000019cc0000,0x0000000019dc0000)]
  0x000000001888f000 JavaThread "Handler for socket connection from /127.0.0.1:63690 to /127.0.0.1:63692" [_thread_in_native, id=1044, stack(0x0000000019bc0000,0x0000000019cc0000)]
  0x0000000018886800 JavaThread "Daemon" [_thread_blocked, id=9596, stack(0x0000000019ac0000,0x0000000019bc0000)]
  0x00000000188a9000 JavaThread "Incoming local TCP Connector on port 63690" [_thread_in_native, id=8344, stack(0x0000000018310000,0x0000000018410000)]
  0x0000000016fe0000 JavaThread "Service Thread" daemon [_thread_blocked, id=3964, stack(0x0000000017910000,0x0000000017a10000)]
  0x0000000016f49000 JavaThread "C1 CompilerThread3" daemon [_thread_blocked, id=1788, stack(0x0000000017810000,0x0000000017910000)]
  0x0000000016f41000 JavaThread "C2 CompilerThread2" daemon [_thread_blocked, id=9548, stack(0x0000000017710000,0x0000000017810000)]
  0x0000000016f3c000 JavaThread "C2 CompilerThread1" daemon [_thread_in_native, id=3300, stack(0x0000000017610000,0x0000000017710000)]
=>0x0000000016f36000 JavaThread "C2 CompilerThread0" daemon [_thread_in_native, id=9408, stack(0x0000000017510000,0x0000000017610000)]
  0x0000000016f35000 JavaThread "Attach Listener" daemon [_thread_blocked, id=6396, stack(0x0000000017410000,0x0000000017510000)]
  0x0000000016f34000 JavaThread "Signal Dispatcher" daemon [_thread_blocked, id=1816, stack(0x0000000017310000,0x0000000017410000)]
  0x000000000232a800 JavaThread "Finalizer" daemon [_thread_blocked, id=8288, stack(0x0000000016d20000,0x0000000016e20000)]
  0x0000000002323000 JavaThread "Reference Handler" daemon [_thread_blocked, id=7736, stack(0x0000000016c20000,0x0000000016d20000)]
  0x00000000021de000 JavaThread "main" [_thread_blocked, id=9192, stack(0x00000000020c0000,0x00000000021c0000)]

Other Threads:
  0x0000000014e49000 VMThread [stack: 0x0000000016b20000,0x0000000016c20000] [id=4776]
  0x0000000016fe5000 WatcherThread [stack: 0x0000000017a10000,0x0000000017b10000] [id=4500]

VM state:at safepoint (normal execution)

VM Mutex/Monitor currently owned by a thread:  ([mutex/lock_event])
[0x00000000021dd420] Safepoint_lock - owner thread: 0x0000000014e49000
[0x00000000021dd3a0] Threads_lock - owner thread: 0x0000000014e49000

Heap:
 PSYoungGen      total 137216K, used 51304K [0x00000000eab00000, 0x00000000f4d80000, 0x0000000100000000)
  eden space 127488K, 32% used [0x00000000eab00000,0x00000000ed40cdf0,0x00000000f2780000)
  from space 9728K, 95% used [0x00000000f4400000,0x00000000f4d0d548,0x00000000f4d80000)
  to   space 17408K, 0% used [0x00000000f2b80000,0x00000000f2b80000,0x00000000f3c80000)
 ParOldGen       total 146432K, used 22506K [0x00000000c0000000, 0x00000000c8f00000, 0x00000000eab00000)
  object space 146432K, 15% used [0x00000000c0000000,0x00000000c15fa938,0x00000000c8f00000)
 Metaspace       used 38950K, capacity 39850K, committed 40064K, reserved 1083392K
  class space    used 5433K, capacity 5653K, committed 5760K, reserved 1048576K

Card table byte_map: [0x00000000116f0000,0x0000000011900000] byte_map_base: 0x00000000110f0000

Marking Bits: (ParMarkBitMap*) 0x000000007182a5b0
 Begin Bits: [0x0000000012260000, 0x0000000013260000)
 End Bits:   [0x0000000013260000, 0x0000000014260000)

Polling page: 0x00000000021c0000

CodeCache: size=245760Kb used=14919Kb max_used=17276Kb free=230840Kb
 bounds [0x0000000002330000, 0x0000000003420000, 0x0000000011330000]
 total_blobs=4926 nmethods=4246 adapters=591
 compilation: enabled

Compilation events (10 events):
Event: 6.435 Thread 0x0000000016f49000 nmethod 4762 0x00000000025f8490 code [0x00000000025f8640, 0x00000000025f8af8]
Event: 6.435 Thread 0x0000000016f49000 4763       1       java.util.concurrent.atomic.AtomicInteger::get (5 bytes)
Event: 6.435 Thread 0x0000000016f49000 nmethod 4763 0x000000000268b950 code [0x000000000268baa0, 0x000000000268bbb0]
Event: 6.440 Thread 0x0000000016f41000 nmethod 4764 0x00000000027e9e90 code [0x00000000027e9fe0, 0x00000000027ea068]
Event: 6.441 Thread 0x0000000016f49000 4765       3       java.lang.ProcessEnvironment::addToEnv (20 bytes)
Event: 6.442 Thread 0x0000000016f49000 nmethod 4765 0x0000000002553450 code [0x0000000002553640, 0x0000000002553f78]
Event: 6.443 Thread 0x0000000016f41000 4766       4       java.util.concurrent.locks.AbstractQueuedSynchronizer::<init> (5 bytes)
Event: 6.443 Thread 0x0000000016f41000 nmethod 4766 0x00000000029c2250 code [0x00000000029c2380, 0x00000000029c23d8]
Event: 6.453 Thread 0x0000000016f49000 4767       3       java.util.concurrent.SynchronousQueue$TransferStack::shouldSpin (30 bytes)
Event: 6.454 Thread 0x0000000016f49000 nmethod 4767 0x0000000002771650 code [0x00000000027717c0, 0x0000000002771ab0]

GC Heap History (10 events):
Event: 3.594 GC heap before
{Heap before GC invocations=6 (full 1):
 PSYoungGen      total 74240K, used 74016K [0x00000000eab00000, 0x00000000f1880000, 0x0000000100000000)
  eden space 68608K, 100% used [0x00000000eab00000,0x00000000eee00000,0x00000000eee00000)
  from space 5632K, 96% used [0x00000000f1300000,0x00000000f18483a0,0x00000000f1880000)
  to   space 8192K, 0% used [0x00000000f0880000,0x00000000f0880000,0x00000000f1080000)
 ParOldGen       total 91648K, used 9601K [0x00000000c0000000, 0x00000000c5980000, 0x00000000eab00000)
  object space 91648K, 10% used [0x00000000c0000000,0x00000000c09606b8,0x00000000c5980000)
 Metaspace       used 28067K, capacity 28502K, committed 28800K, reserved 1075200K
  class space    used 3781K, capacity 3908K, committed 3968K, reserved 1048576K
Event: 3.599 GC heap after
Heap after GC invocations=6 (full 1):
 PSYoungGen      total 100864K, used 6090K [0x00000000eab00000, 0x00000000f1d80000, 0x0000000100000000)
  eden space 92672K, 0% used [0x00000000eab00000,0x00000000eab00000,0x00000000f0580000)
  from space 8192K, 74% used [0x00000000f0880000,0x00000000f0e72968,0x00000000f1080000)
  to   space 12288K, 0% used [0x00000000f1180000,0x00000000f1180000,0x00000000f1d80000)
 ParOldGen       total 91648K, used 9673K [0x00000000c0000000, 0x00000000c5980000, 0x00000000eab00000)
  object space 91648K, 10% used [0x00000000c0000000,0x00000000c09726c8,0x00000000c5980000)
 Metaspace       used 28067K, capacity 28502K, committed 28800K, reserved 1075200K
  class space    used 3781K, capacity 3908K, committed 3968K, reserved 1048576K
}
Event: 4.709 GC heap before
{Heap before GC invocations=7 (full 1):
 PSYoungGen      total 100864K, used 98762K [0x00000000eab00000, 0x00000000f1d80000, 0x0000000100000000)
  eden space 92672K, 100% used [0x00000000eab00000,0x00000000f0580000,0x00000000f0580000)
  from space 8192K, 74% used [0x00000000f0880000,0x00000000f0e72968,0x00000000f1080000)
  to   space 12288K, 0% used [0x00000000f1180000,0x00000000f1180000,0x00000000f1d80000)
 ParOldGen       total 91648K, used 9673K [0x00000000c0000000, 0x00000000c5980000, 0x00000000eab00000)
  object space 91648K, 10% used [0x00000000c0000000,0x00000000c09726c8,0x00000000c5980000)
 Metaspace       used 34153K, capacity 34844K, committed 35072K, reserved 1079296K
  class space    used 4662K, capacity 4818K, committed 4864K, reserved 1048576K
Event: 4.722 GC heap after
Heap after GC invocations=7 (full 1):
 PSYoungGen      total 100864K, used 12275K [0x00000000eab00000, 0x00000000f4600000, 0x0000000100000000)
  eden space 88576K, 0% used [0x00000000eab00000,0x00000000eab00000,0x00000000f0180000)
  from space 12288K, 99% used [0x00000000f1180000,0x00000000f1d7ceb8,0x00000000f1d80000)
  to   space 16384K, 0% used [0x00000000f0180000,0x00000000f0180000,0x00000000f1180000)
 ParOldGen       total 91648K, used 13589K [0x00000000c0000000, 0x00000000c5980000, 0x00000000eab00000)
  object space 91648K, 14% used [0x00000000c0000000,0x00000000c0d456b8,0x00000000c5980000)
 Metaspace       used 34153K, capacity 34844K, committed 35072K, reserved 1079296K
  class space    used 4662K, capacity 4818K, committed 4864K, reserved 1048576K
}
Event: 4.879 GC heap before
{Heap before GC invocations=8 (full 1):
 PSYoungGen      total 100864K, used 32179K [0x00000000eab00000, 0x00000000f4600000, 0x0000000100000000)
  eden space 88576K, 22% used [0x00000000eab00000,0x00000000ebe6fd98,0x00000000f0180000)
  from space 12288K, 99% used [0x00000000f1180000,0x00000000f1d7ceb8,0x00000000f1d80000)
  to   space 16384K, 0% used [0x00000000f0180000,0x00000000f0180000,0x00000000f1180000)
 ParOldGen       total 91648K, used 13589K [0x00000000c0000000, 0x00000000c5980000, 0x00000000eab00000)
  object space 91648K, 14% used [0x00000000c0000000,0x00000000c0d456b8,0x00000000c5980000)
 Metaspace       used 34700K, capacity 35384K, committed 35456K, reserved 1079296K
  class space    used 4762K, capacity 4932K, committed 4992K, reserved 1048576K
Event: 4.891 GC heap after
Heap after GC invocations=8 (full 1):
 PSYoungGen      total 104960K, used 14878K [0x00000000eab00000, 0x00000000f5600000, 0x0000000100000000)
  eden space 88576K, 0% used [0x00000000eab00000,0x00000000eab00000,0x00000000f0180000)
  from space 16384K, 90% used [0x00000000f0180000,0x00000000f1007998,0x00000000f1180000)
  to   space 18432K, 0% used [0x00000000f4400000,0x00000000f4400000,0x00000000f5600000)
 ParOldGen       total 91648K, used 13597K [0x00000000c0000000, 0x00000000c5980000, 0x00000000eab00000)
  object space 91648K, 14% used [0x00000000c0000000,0x00000000c0d476b8,0x00000000c5980000)
 Metaspace       used 34700K, capacity 35384K, committed 35456K, reserved 1079296K
  class space    used 4762K, capacity 4932K, committed 4992K, reserved 1048576K
}
Event: 4.891 GC heap before
{Heap before GC invocations=9 (full 2):
 PSYoungGen      total 104960K, used 14878K [0x00000000eab00000, 0x00000000f5600000, 0x0000000100000000)
  eden space 88576K, 0% used [0x00000000eab00000,0x00000000eab00000,0x00000000f0180000)
  from space 16384K, 90% used [0x00000000f0180000,0x00000000f1007998,0x00000000f1180000)
  to   space 18432K, 0% used [0x00000000f4400000,0x00000000f4400000,0x00000000f5600000)
 ParOldGen       total 91648K, used 13597K [0x00000000c0000000, 0x00000000c5980000, 0x00000000eab00000)
  object space 91648K, 14% used [0x00000000c0000000,0x00000000c0d476b8,0x00000000c5980000)
 Metaspace       used 34700K, capacity 35384K, committed 35456K, reserved 1079296K
  class space    used 4762K, capacity 4932K, committed 4992K, reserved 1048576K
Event: 4.984 GC heap after
Heap after GC invocations=9 (full 2):
 PSYoungGen      total 104960K, used 0K [0x00000000eab00000, 0x00000000f5600000, 0x0000000100000000)
  eden space 88576K, 0% used [0x00000000eab00000,0x00000000eab00000,0x00000000f0180000)
  from space 16384K, 0% used [0x00000000f0180000,0x00000000f0180000,0x00000000f1180000)
  to   space 18432K, 0% used [0x00000000f4400000,0x00000000f4400000,0x00000000f5600000)
 ParOldGen       total 146432K, used 22498K [0x00000000c0000000, 0x00000000c8f00000, 0x00000000eab00000)
  object space 146432K, 15% used [0x00000000c0000000,0x00000000c15f8938,0x00000000c8f00000)
 Metaspace       used 34700K, capacity 35384K, committed 35456K, reserved 1079296K
  class space    used 4762K, capacity 4932K, committed 4992K, reserved 1048576K
}
Event: 6.096 GC heap before
{Heap before GC invocations=10 (full 2):
 PSYoungGen      total 104960K, used 88576K [0x00000000eab00000, 0x00000000f5600000, 0x0000000100000000)
  eden space 88576K, 100% used [0x00000000eab00000,0x00000000f0180000,0x00000000f0180000)
  from space 16384K, 0% used [0x00000000f0180000,0x00000000f0180000,0x00000000f1180000)
  to   space 18432K, 0% used [0x00000000f4400000,0x00000000f4400000,0x00000000f5600000)
 ParOldGen       total 146432K, used 22498K [0x00000000c0000000, 0x00000000c8f00000, 0x00000000eab00000)
  object space 146432K, 15% used [0x00000000c0000000,0x00000000c15f8938,0x00000000c8f00000)
 Metaspace       used 38549K, capacity 39480K, committed 39680K, reserved 1083392K
  class space    used 5366K, capacity 5618K, committed 5632K, reserved 1048576K
Event: 6.103 GC heap after
Heap after GC invocations=10 (full 2):
 PSYoungGen      total 137216K, used 9269K [0x00000000eab00000, 0x00000000f4d80000, 0x0000000100000000)
  eden space 127488K, 0% used [0x00000000eab00000,0x00000000eab00000,0x00000000f2780000)
  from space 9728K, 95% used [0x00000000f4400000,0x00000000f4d0d548,0x00000000f4d80000)
  to   space 17408K, 0% used [0x00000000f2b80000,0x00000000f2b80000,0x00000000f3c80000)
 ParOldGen       total 146432K, used 22506K [0x00000000c0000000, 0x00000000c8f00000, 0x00000000eab00000)
  object space 146432K, 15% used [0x00000000c0000000,0x00000000c15fa938,0x00000000c8f00000)
 Metaspace       used 38549K, capacity 39480K, committed 39680K, reserved 1083392K
  class space    used 5366K, capacity 5618K, committed 5632K, reserved 1048576K
}

Deoptimization events (10 events):
Event: 6.405 Thread 0x0000000019286800 Uncommon trap: reason=unstable_if action=reinterpret pc=0x0000000002da4ccc method=java.lang.ThreadLocal.get()Ljava/lang/Object; @ 11
Event: 6.405 Thread 0x0000000019280800 Uncommon trap: reason=unstable_if action=reinterpret pc=0x0000000002da4ccc method=java.lang.ThreadLocal.get()Ljava/lang/Object; @ 11
Event: 6.405 Thread 0x000000001927f800 Uncommon trap: reason=unstable_if action=reinterpret pc=0x0000000002da4ccc method=java.lang.ThreadLocal.get()Ljava/lang/Object; @ 11
Event: 6.410 Thread 0x0000000019284000 Uncommon trap: reason=unstable_if action=reinterpret pc=0x0000000003395414 method=java.util.concurrent.locks.AbstractQueuedSynchronizer.release(I)Z @ 14
Event: 6.418 Thread 0x0000000019285000 Uncommon trap: reason=class_check action=maybe_recompile pc=0x00000000027dc2ac method=java.util.concurrent.ConcurrentHashMap.putVal(Ljava/lang/Object;Ljava/lang/Object;Z)Ljava/lang/Object; @ 192
Event: 6.418 Thread 0x0000000019284000 Uncommon trap: reason=class_check action=maybe_recompile pc=0x00000000027dc2ac method=java.util.concurrent.ConcurrentHashMap.putVal(Ljava/lang/Object;Ljava/lang/Object;Z)Ljava/lang/Object; @ 192
Event: 6.418 Thread 0x000000001927f800 Uncommon trap: reason=class_check action=maybe_recompile pc=0x00000000027dc2ac method=java.util.concurrent.ConcurrentHashMap.putVal(Ljava/lang/Object;Ljava/lang/Object;Z)Ljava/lang/Object; @ 192
Event: 6.428 Thread 0x000000001f4f6000 Uncommon trap: reason=unstable_if action=reinterpret pc=0x0000000003349c60 method=java.util.concurrent.locks.AbstractQueuedSynchronizer.release(I)Z @ 14
Event: 6.428 Thread 0x000000001f4f4800 Uncommon trap: reason=unstable_if action=reinterpret pc=0x0000000003349c60 method=java.util.concurrent.locks.AbstractQueuedSynchronizer.release(I)Z @ 14
Event: 6.428 Thread 0x0000000019285800 Uncommon trap: reason=unstable_if action=reinterpret pc=0x0000000003349c60 method=java.util.concurrent.locks.AbstractQueuedSynchronizer.release(I)Z @ 14

Internal exceptions (10 events):
Event: 5.900 Thread 0x0000000018c97800 Exception <a 'java/lang/ClassNotFoundException': com/android/builder/core/DefaultApiVersionBeanInfo> (0x00000000ef3ad660) thrown at [C:\re\workspace\8-2-build-windows-amd64-cygwin\jdk8u66\5298\hotspot\src\share\vm\classfile\systemDictionary.cpp, line 210]
Event: 5.900 Thread 0x0000000018c97800 Exception <a 'java/lang/ClassNotFoundException': com/android/builder/core/DefaultApiVersionCustomizer> (0x00000000ef3bcc58) thrown at [C:\re\workspace\8-2-build-windows-amd64-cygwin\jdk8u66\5298\hotspot\src\share\vm\classfile\systemDictionary.cpp, line 2100«Î?hœ@
Event: 5.903 Thread 0x0000000018c97800 Exception <a 'java/lang/ClassNotFoundException': com/android/sdklib/BuildToolInfoBeanInfo> (0x00000000ef3f2de0) thrown at [C:\re\workspace\8-2-build-windows-amd64-cygwin\jdk8u66\5298\hotspot\src\share\vm\classfile\systemDictionary.cpp, line 210]
Event: 5.903 Thread 0x0000000018c97800 Exception <a 'java/lang/ClassNotFoundException': com/android/sdklib/BuildToolInfoCustomizer> (0x00000000ef4004d0) thrown at [C:\re\workspace\8-2-build-windows-amd64-cygwin\jdk8u66\5298\hotspot\src\share\vm\classfile\systemDictionary.cpp, line 210]
Event: 5.913 Thread 0x0000000018c97800 Exception <a 'java/lang/ClassNotFoundException': com/google/common/collect/ListsBeanInfo> (0x00000000ef4b0bd8) thrown at [C:\re\workspace\8-2-build-windows-amd64-cygwin\jdk8u66\5298\hotspot\src\share\vm\classfile\systemDictionary.cpp, line 210]
Event: 5.913 Thread 0x0000000018c97800 Exception <a 'java/lang/ClassNotFoundException': com/google/common/collect/ListsCustomizer> (0x00000000ef4be2b8) thrown at [C:\re\workspace\8-2-build-windows-amd64-cygwin\jdk8u66\5298\hotspot\src\share\vm\classfile\systemDictionary.cpp, line 210]
Event: 6.405 Thread 0x0000000019281000 Implicit null exception at 0x0000000002da4c28 to 0x0000000002da4cb9
Event: 6.405 Thread 0x0000000019286800 Implicit null exception at 0x0000000002da4c28 to 0x0000000002da4cb9
Event: 6.405 Thread 0x0000000019280800 Implicit null exception at 0x0000000002da4c28 to 0x0000000002da4cb9
Event: 6.405 Thread 0x000000001927f800 Implicit null exception at 0x0000000002da4c28 to 0x0000000002da4cb9

Events (10 events):
Event: 6.445 Executing VM operation: RevokeBias
Event: 6.450 Executing VM operation: RevokeBias done
Event: 6.450 Thread 0x000000001b03c800 Thread exited: 0x000000001b03c800
Event: 6.451 Executing VM operation: RevokeBias
Event: 6.451 Executing VM operation: RevokeBias done
Event: 6.451 Executing VM operation: RevokeBias
Event: 6.452 Executing VM operation: RevokeBias done
Event: 6.454 Thread 0x0000000016f49000 flushing nmethod 0x0000000002471a90
Event: 6.454 Thread 0x0000000016f49000 flushing nmethod 0x00000000024b5390
Event: 6.454 Thread 0x0000000016f49000 flushing nmethod 0x00000000024b9f10


Dynamic libraries:
0x00007ff6963b0000 - 0x00007ff6963e7000 	C:\Program Files\Java\jdk1.8.0_66\bin\java.exe
0x00007fff99910000 - 0x00007fff99ad1000 	C:\Windows\SYSTEM32\ntdll.dll
0x00007fff991e0000 - 0x00007fff9928d000 	C:\Windows\system32\KERNEL32.DLL
0x00007fff961d0000 - 0x00007fff963b8000 	C:\Windows\system32\KERNELBASE.dll
0x00007fff98ea0000 - 0x00007fff98f47000 	C:\Windows\system32\ADVAPI32.dll
0x00007fff972e0000 - 0x00007fff9737d000 	C:\Windows\system32\msvcrt.dll
0x00007fff96e40000 - 0x00007fff96e9b000 	C:\Windows\system32\sechost.dll
0x00007fff98a70000 - 0x00007fff98b8c000 	C:\Windows\system32\RPCRT4.dll
0x00007fff96ea0000 - 0x00007fff96ff6000 	C:\Windows\system32\USER32.dll
0x00007fff97150000 - 0x00007fff972d6000 	C:\Windows\system32\GDI32.dll
0x00007fff8b380000 - 0x00007fff8b5f4000 	C:\Windows\WinSxS\amd64_microsoft.windows.common-controls_6595b64144ccf1df_6.0.10586.0_none_8c15ae12515e1c22\COMCTL32.dll
0x00007fff98f60000 - 0x00007fff991dd000 	C:\Windows\system32\combase.dll
0x00007fff96480000 - 0x00007fff964ea000 	C:\Windows\system32\bcryptPrimitives.dll
0x00007fff98960000 - 0x00007fff9899b000 	C:\Windows\system32\IMM32.DLL
0x0000000070a00000 - 0x0000000070ad2000 	C:\Program Files\Java\jdk1.8.0_66\jre\bin\msvcr100.dll
0x0000000071020000 - 0x00000000718a9000 	C:\Program Files\Java\jdk1.8.0_66\jre\bin\server\jvm.dll
0x00007fff96e30000 - 0x00007fff96e38000 	C:\Windows\system32\PSAPI.DLL
0x00007fff8f7e0000 - 0x00007fff8f7ea000 	C:\Windows\SYSTEM32\VERSION.dll
0x00007fff914e0000 - 0x00007fff914e9000 	C:\Windows\SYSTEM32\WSOCK32.dll
0x00007fff93e80000 - 0x00007fff93ea3000 	C:\Windows\SYSTEM32\WINMM.dll
0x00007fff989a0000 - 0x00007fff98a0b000 	C:\Windows\system32\WS2_32.dll
0x00007fff93e20000 - 0x00007fff93e4c000 	C:\Windows\SYSTEM32\WINMMBASE.dll
0x00007fff96070000 - 0x00007fff960b3000 	C:\Windows\system32\cfgmgr32.dll
0x0000000071aa0000 - 0x0000000071aaf000 	C:\Program Files\Java\jdk1.8.0_66\jre\bin\verify.dll
0x0000000071a70000 - 0x0000000071a99000 	C:\Program Files\Java\jdk1.8.0_66\jre\bin\java.dll
0x0000000071a50000 - 0x0000000071a66000 	C:\Program Files\Java\jdk1.8.0_66\jre\bin\zip.dll
0x00007fff97380000 - 0x00007fff988df000 	C:\Windows\system32\SHELL32.dll
0x00007fff964f0000 - 0x00007fff96b34000 	C:\Windows\system32\windows.storage.dll
0x00007fff99470000 - 0x00007fff994c2000 	C:\Windows\system32\shlwapi.dll
0x00007fff95fb0000 - 0x00007fff95fbf000 	C:\Windows\system32\kernel.appcore.dll
0x00007fff963c0000 - 0x00007fff96475000 	C:\Windows\system32\shcore.dll
0x00007fff95f50000 - 0x00007fff95f9b000 	C:\Windows\system32\powrprof.dll
0x00007fff95f30000 - 0x00007fff95f44000 	C:\Windows\system32\profapi.dll
0x0000000071a30000 - 0x0000000071a4a000 	C:\Program Files\Java\jdk1.8.0_66\jre\bin\net.dll
0x00007fff95860000 - 0x00007fff958bc000 	C:\Windows\system32\mswsock.dll
0x0000000071a10000 - 0x0000000071a21000 	C:\Program Files\Java\jdk1.8.0_66\jre\bin\nio.dll
0x00007fff90560000 - 0x00007fff90572000 	C:\Users\riley\.gradle\native\19\windows-amd64\native-platform.dll
0x00007fff931f0000 - 0x00007fff93228000 	C:\Windows\SYSTEM32\IPHLPAPI.DLL
0x00007fff98f50000 - 0x00007fff98f58000 	C:\Windows\system32\NSI.dll
0x00007fff923f0000 - 0x00007fff92406000 	C:\Windows\SYSTEM32\dhcpcsvc6.DLL
0x00007fff923d0000 - 0x00007fff923ea000 	C:\Windows\SYSTEM32\dhcpcsvc.DLL
0x00007fff95910000 - 0x00007fff95927000 	C:\Windows\SYSTEM32\CRYPTSP.dll
0x00007fff955a0000 - 0x00007fff955d4000 	C:\Windows\system32\rsaenh.dll
0x00007fff95b30000 - 0x00007fff95b59000 	C:\Windows\SYSTEM32\bcrypt.dll
0x00007fff956f0000 - 0x00007fff9570f000 	C:\Windows\SYSTEM32\USERENV.dll
0x00007fff95a30000 - 0x00007fff95a3b000 	C:\Windows\SYSTEM32\CRYPTBASE.dll
0x00000000719b0000 - 0x00000000719bd000 	C:\Program Files\Java\jdk1.8.0_66\jre\bin\management.dll

VM Arguments:
jvm_args: -XX:MaxPermSize=256m -XX:+HeapDumpOnOutOfMemoryError -Xmx1024m -Dfile.encoding=windows-1252 -Duser.country=CA -Duser.language=en -Duser.variant 
java_command: org.gradle.launcher.daemon.bootstrap.GradleDaemon 2.8
java_class_path (initial): C:\Program Files\Android\Android Studio\gradle\gradle-2.8\lib\gradle-launcher-2.8.jar
Launcher Type: SUN_STANDARD

Environment Variables:
PATH=C:\ProgramData\Oracle\Java\javapath;C:\Windows\system32;C:\Windows;C:\Windows\System32\Wbem;C:\Windows\System32\WindowsPowerShell\v1.0\;C:\Program Files (x86)\ATI Technologies\ATI.ACE\Core-Static;C:\Program Files (x86)\Skype\Phone\;C:\Program Files\nodejs\;C:\Program Files\FileBot\;C:\Program Files (x86)\GtkSharp\2.12\bin;C:\Program Files\Git\cmd;C:\Users\riley\AppData\Roaming\npm
USERNAME=riley
OS=Windows_NT
PROCESSOR_IDENTIFIER=Intel64 Family 6 Model 42 Stepping 7, GenuineIntel



---------------  S Y S T E M  ---------------

OS: Windows 10.0 , 64 bit Build 10586 (10.0.10586.0)

CPU:total 8 (4 cores per cpu, 2 threads per core) family 6 model 42 stepping 7, cmov, cx8, fxsr, mmx, sse, sse2, sse3, ssse3, sse4.1, sse4.2, popcnt, avx, aes, clmul, ht, tsc, tscinvbit

Memory: 4k page, physical 12546948k(3755420k free), swap 12546948k(215052k free)

vm_info: Java HotSpot(TM) 64-Bit Server VM (25.66-b18) for windows-amd64 JRE (1.8.0_66-b18), built on Nov  9 2015 10:51:13 by "java_re" with MS VC++ 10.0 (VS2010)

time: Sat Feb 06 15:20:58 2016
elapsed time: 6 seconds (0d 0h 0m 6s)

