#
# There is insufficient memory for the Java Runtime Environment to continue.
# Native memory allocation (malloc) failed to allocate 1164496 bytes for Chunk::new
# Possible reasons:
#   The system is out of physical RAM or swap space
#   In 32 bit mode, the process size limit was hit
# Possible solutions:
#   Reduce memory load on the system
#   Increase physical memory or swap space
#   Check if swap backing store is full
#   Use 64 bit Java on a 64 bit OS
#   Decrease Java heap size (-Xmx/-Xms)
#   Decrease number of Java threads
#   Decrease Java thread stack sizes (-Xss)
#   Set larger code cache with -XX:ReservedCodeCacheSize=
# This output file may be truncated or incomplete.
#
#  Out of Memory Error (allocation.cpp:390), pid=9464, tid=10128
#
# JRE version: Java(TM) SE Runtime Environment (8.0_66-b18) (build 1.8.0_66-b18)
# Java VM: Java HotSpot(TM) 64-Bit Server VM (25.66-b18 mixed mode windows-amd64 compressed oops)
# Failed to write core dump. Minidumps are not enabled by default on client versions of Windows
#

---------------  T H R E A D  ---------------

Current thread (0x0000000016f75800):  JavaThread "C2 CompilerThread0" daemon [_thread_in_native, id=10128, stack(0x0000000017550000,0x0000000017650000)]

Stack: [0x0000000017550000,0x0000000017650000]
[error occurred during error reporting (printing stack bounds), id 0xc0000005]

Native frames: (J=compiled Java code, j=interpreted, Vv=VM code, C=native code)


Current CompileTask:
C2:   2953 1524   !   4       com.android.dx.cf.code.RopperMachine::run (1550 bytes)


---------------  P R O C E S S  ---------------

Java Threads: ( => current thread )
  0x00000000172a1000 JavaThread "pool-1-thread-4" [_thread_in_vm, id=6124, stack(0x0000000017f50000,0x0000000018050000)]
  0x000000001729c800 JavaThread "pool-1-thread-3" [_thread_in_Java, id=6572, stack(0x0000000017e50000,0x0000000017f50000)]
  0x000000001728f800 JavaThread "pool-1-thread-2" [_thread_in_Java, id=6412, stack(0x0000000017d50000,0x0000000017e50000)]
  0x000000001728c000 JavaThread "pool-2-thread-1" [_thread_blocked, id=8712, stack(0x0000000017c50000,0x0000000017d50000)]
  0x0000000017289800 JavaThread "pool-1-thread-1" [_thread_in_Java, id=2536, stack(0x0000000017b50000,0x0000000017c50000)]
  0x0000000016fde800 JavaThread "Service Thread" daemon [_thread_blocked, id=6156, stack(0x0000000017950000,0x0000000017a50000)]
  0x0000000016fdb000 JavaThread "C1 CompilerThread3" daemon [_thread_in_native, id=7892, stack(0x0000000017850000,0x0000000017950000)]
  0x0000000016fd5000 JavaThread "C2 CompilerThread2" daemon [_thread_in_native, id=4556, stack(0x0000000017750000,0x0000000017850000)]
  0x0000000016f7b000 JavaThread "C2 CompilerThread1" daemon [_thread_in_vm, id=6748, stack(0x0000000017650000,0x0000000017750000)]
=>0x0000000016f75800 JavaThread "C2 CompilerThread0" daemon [_thread_in_native, id=10128, stack(0x0000000017550000,0x0000000017650000)]
  0x0000000016f74000 JavaThread "Attach Listener" daemon [_thread_blocked, id=7004, stack(0x0000000017450000,0x0000000017550000)]
  0x0000000016f73800 JavaThread "Signal Dispatcher" daemon [_thread_blocked, id=9572, stack(0x0000000017350000,0x0000000017450000)]
  0x0000000002378800 JavaThread "Finalizer" daemon [_thread_blocked, id=5732, stack(0x0000000016d70000,0x0000000016e70000)]
  0x0000000002372000 JavaThread "Reference Handler" daemon [_thread_blocked, id=8828, stack(0x0000000016c70000,0x0000000016d70000)]
  0x0000000002280800 JavaThread "main" [_thread_in_vm, id=7820, stack(0x0000000002170000,0x0000000002270000)]

Other Threads:
  0x0000000014e99000 VMThread [stack: 0x0000000016b70000,0x0000000016c70000] [id=9996]
  0x0000000016fe7800 WatcherThread [stack: 0x0000000017a50000,0x0000000017b50000] [id=5596]

VM state:not at safepoint (normal execution)

VM Mutex/Monitor currently owned by a thread: None

Heap:
 PSYoungGen      total 57344K, used 49426K [0x00000000eab00000, 0x00000000eeb00000, 0x0000000100000000)
  eden space 49152K, 83% used [0x00000000eab00000,0x00000000ed34c470,0x00000000edb00000)
  from space 8192K, 99% used [0x00000000edb00000,0x00000000ee2f83e8,0x00000000ee300000)
  to   space 8192K, 0% used [0x00000000ee300000,0x00000000ee300000,0x00000000eeb00000)
 ParOldGen       total 131072K, used 997K [0x00000000c0000000, 0x00000000c8000000, 0x00000000eab00000)
  object space 131072K, 0% used [0x00000000c0000000,0x00000000c00f9538,0x00000000c8000000)
 Metaspace       used 6083K, capacity 7088K, committed 7296K, reserved 1056768K
  class space    used 595K, capacity 616K, committed 640K, reserved 1048576K

Card table byte_map: [0x0000000011740000,0x0000000011950000] byte_map_base: 0x0000000011140000

Marking Bits: (ParMarkBitMap*) 0x000000007182a5b0
 Begin Bits: [0x00000000122b0000, 0x00000000132b0000)
 End Bits:   [0x00000000132b0000, 0x00000000142b0000)

Polling page: 0x0000000000990000

CodeCache: size=245760Kb used=6423Kb max_used=6423Kb free=239336Kb
 bounds [0x0000000002380000, 0x00000000029d0000, 0x0000000011380000]
 total_blobs=1819 nmethods=1550 adapters=182
 compilation: enabled

Compilation events (10 events):
Event: 2.950 Thread 0x0000000016fdb000 nmethod 1565 0x00000000029a5150 code [0x00000000029a52a0, 0x00000000029a53b0]
Event: 2.950 Thread 0x0000000016fdb000 1566       2       com.android.dx.cf.direct.AttributeFactory::parse0 (53 bytes)
Event: 2.951 Thread 0x0000000016fdb000 nmethod 1566 0x00000000029c3650 code [0x00000000029c3800, 0x00000000029c3c88]
Event: 2.951 Thread 0x0000000016fdb000 1568  s    2       com.android.dx.dex.file.StringIdsSection::intern (53 bytes)
Event: 2.952 Thread 0x0000000016fdb000 nmethod 1568 0x00000000029c2c10 code [0x00000000029c2dc0, 0x00000000029c3318]
Event: 2.952 Thread 0x0000000016fdb000 1569       2       java.util.Collections::unmodifiableCollection (9 bytes)
Event: 2.952 Thread 0x0000000016fdb000 nmethod 1569 0x00000000029c2750 code [0x00000000029c28c0, 0x00000000029c2b08]
Event: 2.952 Thread 0x0000000016fdb000 1567       2       com.android.dx.rop.annotation.Annotations::<init> (16 bytes)
Event: 2.952 Thread 0x0000000016fdb000 nmethod 1567 0x0000000002990bd0 code [0x0000000002990d20, 0x0000000002990ef0]
Event: 2.952 Thread 0x0000000016fdb000 1570       2       com.android.dx.rop.cst.CstString::<init> (42 bytes)

GC Heap History (2 events):
Event: 2.110 GC heap before
{Heap before GC invocations=1 (full 0):
 PSYoungGen      total 57344K, used 49152K [0x00000000eab00000, 0x00000000eeb00000, 0x0000000100000000)
  eden space 49152K, 100% used [0x00000000eab00000,0x00000000edb00000,0x00000000edb00000)
  from space 8192K, 0% used [0x00000000ee300000,0x00000000ee300000,0x00000000eeb00000)
  to   space 8192K, 0% used [0x00000000edb00000,0x00000000edb00000,0x00000000ee300000)
 ParOldGen       total 131072K, used 0K [0x00000000c0000000, 0x00000000c8000000, 0x00000000eab00000)
  object space 131072K, 0% used [0x00000000c0000000,0x00000000c0000000,0x00000000c8000000)
 Metaspace       used 5949K, capacity 6960K, committed 7040K, reserved 1056768K
  class space    used 595K, capacity 616K, committed 640K, reserved 1048576K
Event: 2.396 GC heap after
Heap after GC invocations=1 (full 0):
 PSYoungGen      total 57344K, used 8160K [0x00000000eab00000, 0x00000000eeb00000, 0x0000000100000000)
  eden space 49152K, 0% used [0x00000000eab00000,0x00000000eab00000,0x00000000edb00000)
  from space 8192K, 99% used [0x00000000edb00000,0x00000000ee2f83e8,0x00000000ee300000)
  to   space 8192K, 0% used [0x00000000ee300000,0x00000000ee300000,0x00000000eeb00000)
 ParOldGen       total 131072K, used 997K [0x00000000c0000000, 0x00000000c8000000, 0x00000000eab00000)
  object space 131072K, 0% used [0x00000000c0000000,0x00000000c00f9538,0x00000000c8000000)
 Metaspace       used 5949K, capacity 6960K, committed 7040K, reserved 1056768K
  class space    used 595K, capacity 616K, committed 640K, reserved 1048576K
}

Deoptimization events (10 events):
Event: 1.790 Thread 0x0000000002280800 Uncommon trap: reason=bimorphic action=maybe_recompile pc=0x000000000270f220 method=java.util.HashMap.getNode(ILjava/lang/Object;)Ljava/util/HashMap$Node; @ 126
Event: 1.790 Thread 0x0000000002280800 Uncommon trap: reason=class_check action=maybe_recompile pc=0x00000000027cd7e8 method=java.util.HashMap.putVal(ILjava/lang/Object;Ljava/lang/Object;ZZ)Ljava/lang/Object; @ 203
Event: 1.790 Thread 0x0000000002280800 Uncommon trap: reason=bimorphic action=maybe_recompile pc=0x000000000270f220 method=java.util.HashMap.getNode(ILjava/lang/Object;)Ljava/util/HashMap$Node; @ 126
Event: 1.791 Thread 0x0000000002280800 Uncommon trap: reason=class_check action=maybe_recompile pc=0x00000000027cd7e8 method=java.util.HashMap.putVal(ILjava/lang/Object;Ljava/lang/Object;ZZ)Ljava/lang/Object; @ 203
Event: 1.791 Thread 0x0000000002280800 Uncommon trap: reason=unstable_if action=reinterpret pc=0x000000000263aa5c method=com.android.dx.rop.cst.Constant.compareTo(Lcom/android/dx/rop/cst/Constant;)I @ 12
Event: 1.797 Thread 0x0000000002280800 Uncommon trap: reason=class_check action=maybe_recompile pc=0x00000000027730d4 method=java.util.HashMap.putVal(ILjava/lang/Object;Ljava/lang/Object;ZZ)Ljava/lang/Object; @ 203
Event: 1.842 Thread 0x000000001728f800 Uncommon trap: reason=unstable_if action=reinterpret pc=0x00000000027fa65c method=com.android.dx.ssa.SCCP.simulateStmt(Lcom/android/dx/ssa/SsaInsn;)V @ 53
Event: 2.507 Thread 0x000000001729c800 Uncommon trap: reason=bimorphic action=maybe_recompile pc=0x000000000288b2d0 method=com.android.dx.cf.code.BytecodeArray.parseInstruction(ILcom/android/dx/cf/code/BytecodeArray$Visitor;)I @ 1501
Event: 2.508 Thread 0x000000001729c800 Uncommon trap: reason=bimorphic action=maybe_recompile pc=0x000000000288b2d0 method=com.android.dx.cf.code.BytecodeArray.parseInstruction(ILcom/android/dx/cf/code/BytecodeArray$Visitor;)I @ 1501
Event: 2.526 Thread 0x00000000172a1000 Uncommon trap: reason=unstable_if action=reinterpret pc=0x000000000289a4c4 method=com.android.dx.ssa.LiteralOpUpgrader$1.visitNonMoveInsn(Lcom/android/dx/ssa/NormalSsaInsn;)V @ 176

Internal exceptions (4 events):
Event: 0.057 Thread 0x0000000002280800 Exception <a 'java/lang/NoSuchMethodError': Method sun.misc.Unsafe.defineClass(Ljava/lang/String;[BII)Ljava/lang/Class; name or signature does not match> (0x00000000eab0d280) thrown at [C:\re\workspace\8-2-build-windows-amd64-cygwin\jdk8u66\5298\hotspot\sr$­Ëò	­?
Event: 0.057 Thread 0x0000000002280800 Exception <a 'java/lang/NoSuchMethodError': Method sun.misc.Unsafe.prefetchRead(Ljava/lang/Object;J)V name or signature does not match> (0x00000000eab0d568) thrown at [C:\re\workspace\8-2-build-windows-amd64-cygwin\jdk8u66\5298\hotspot\src\share\vm\prims\jQÕÆ´ö?
Event: 1.376 Thread 0x0000000017289800 Implicit null exception at 0x00000000026435cf to 0x0000000002644e29
Event: 1.377 Thread 0x0000000017289800 Implicit null exception at 0x000000000263dace to 0x000000000263f2d5

Events (10 events):
Event: 2.431 Thread 0x000000001729c800 DEOPT UNPACKING pc=0x00000000023c787f sp=0x0000000017f4e678 mode 0
Event: 2.507 Thread 0x000000001729c800 Uncommon trap: trap_request=0xffffffc6 fr.pc=0x000000000288b2d0
Event: 2.507 Thread 0x000000001729c800 DEOPT PACKING pc=0x000000000288b2d0 sp=0x0000000017f4e8f0
Event: 2.507 Thread 0x000000001729c800 DEOPT UNPACKING pc=0x00000000023c582a sp=0x0000000017f4e870 mode 2
Event: 2.508 Thread 0x000000001729c800 Uncommon trap: trap_request=0xffffffc6 fr.pc=0x000000000288b2d0
Event: 2.508 Thread 0x000000001729c800 DEOPT PACKING pc=0x000000000288b2d0 sp=0x0000000017f4e6d0
Event: 2.508 Thread 0x000000001729c800 DEOPT UNPACKING pc=0x00000000023c582a sp=0x0000000017f4e650 mode 2
Event: 2.526 Thread 0x00000000172a1000 Uncommon trap: trap_request=0xffffff65 fr.pc=0x000000000289a4c4
Event: 2.526 Thread 0x00000000172a1000 DEOPT PACKING pc=0x000000000289a4c4 sp=0x000000001804ec70
Event: 2.526 Thread 0x00000000172a1000 DEOPT UNPACKING pc=0x00000000023c582a sp=0x000000001804ec70 mode 2


Dynamic libraries:
0x00007ff6963b0000 - 0x00007ff6963e7000 	C:\Program Files\Java\jdk1.8.0_66\bin\java.exe
0x00007fff99910000 - 0x00007fff99ad1000 	C:\Windows\SYSTEM32\ntdll.dll
0x00007fff991e0000 - 0x00007fff9928d000 	C:\Windows\system32\KERNEL32.DLL
0x00007fff961d0000 - 0x00007fff963b8000 	C:\Windows\system32\KERNELBASE.dll
0x00007fff98ea0000 - 0x00007fff98f47000 	C:\Windows\system32\ADVAPI32.dll
0x00007fff972e0000 - 0x00007fff9737d000 	C:\Windows\system32\msvcrt.dll
0x00007fff96e40000 - 0x00007fff96e9b000 	C:\Windows\system32\sechost.dll
0x00007fff98a70000 - 0x00007fff98b8c000 	C:\Windows\system32\RPCRT4.dll
0x00007fff96ea0000 - 0x00007fff96ff6000 	C:\Windows\system32\USER32.dll
0x00007fff97150000 - 0x00007fff972d6000 	C:\Windows\system32\GDI32.dll
0x00007fff8b380000 - 0x00007fff8b5f4000 	C:\Windows\WinSxS\amd64_microsoft.windows.common-controls_6595b64144ccf1df_6.0.10586.0_none_8c15ae12515e1c22\COMCTL32.dll
0x00007fff98f60000 - 0x00007fff991dd000 	C:\Windows\system32\combase.dll
0x00007fff96480000 - 0x00007fff964ea000 	C:\Windows\system32\bcryptPrimitives.dll
0x00007fff98960000 - 0x00007fff9899b000 	C:\Windows\system32\IMM32.DLL
0x0000000070a00000 - 0x0000000070ad2000 	C:\Program Files\Java\jdk1.8.0_66\jre\bin\msvcr100.dll
0x0000000071020000 - 0x00000000718a9000 	C:\Program Files\Java\jdk1.8.0_66\jre\bin\server\jvm.dll
0x00007fff96e30000 - 0x00007fff96e38000 	C:\Windows\system32\PSAPI.DLL
0x00007fff914e0000 - 0x00007fff914e9000 	C:\Windows\SYSTEM32\WSOCK32.dll
0x00007fff989a0000 - 0x00007fff98a0b000 	C:\Windows\system32\WS2_32.dll
0x00007fff93e80000 - 0x00007fff93ea3000 	C:\Windows\SYSTEM32\WINMM.dll
0x00007fff8f7e0000 - 0x00007fff8f7ea000 	C:\Windows\SYSTEM32\VERSION.dll
0x00007fff93e20000 - 0x00007fff93e4c000 	C:\Windows\SYSTEM32\WINMMBASE.dll
0x00007fff96070000 - 0x00007fff960b3000 	C:\Windows\system32\cfgmgr32.dll
0x0000000071aa0000 - 0x0000000071aaf000 	C:\Program Files\Java\jdk1.8.0_66\jre\bin\verify.dll
0x0000000071a70000 - 0x0000000071a99000 	C:\Program Files\Java\jdk1.8.0_66\jre\bin\java.dll
0x0000000071a50000 - 0x0000000071a66000 	C:\Program Files\Java\jdk1.8.0_66\jre\bin\zip.dll
0x00007fff97380000 - 0x00007fff988df000 	C:\Windows\system32\SHELL32.dll
0x00007fff964f0000 - 0x00007fff96b34000 	C:\Windows\system32\windows.storage.dll
0x00007fff99470000 - 0x00007fff994c2000 	C:\Windows\system32\shlwapi.dll
0x00007fff95fb0000 - 0x00007fff95fbf000 	C:\Windows\system32\kernel.appcore.dll
0x00007fff963c0000 - 0x00007fff96475000 	C:\Windows\system32\shcore.dll
0x00007fff95f50000 - 0x00007fff95f9b000 	C:\Windows\system32\powrprof.dll
0x00007fff95f30000 - 0x00007fff95f44000 	C:\Windows\system32\profapi.dll

VM Arguments:
jvm_args: -Djava.awt.headless=true -Xmx1024M -Dfile.encoding=windows-1252 -Duser.country=CA -Duser.language=en -Duser.variant 
java_command: com.android.dx.command.Main --dex --num-threads=4 --output C:\Users\riley\AndroidStudioProjects\youthdiversion-calendar\app\build\intermediates\pre-dexed\debug\com.android.support-recyclerview-v7-23.1.1_b1f900f1f8159547e28265413f4b5e5d0e09572f.jar C:\Users\riley\AndroidStudioProjects\youthdiversion-calendar\app\build\intermediates\exploded-aar\com.android.support\recyclerview-v7\23.1.1\jars\classes.jar
java_class_path (initial): C:\Users\riley\AppData\Local\Android\sdk\build-tools\23.0.1\lib\dx.jar
Launcher Type: SUN_STANDARD

Environment Variables:
PATH=C:\ProgramData\Oracle\Java\javapath;C:\Windows\system32;C:\Windows;C:\Windows\System32\Wbem;C:\Windows\System32\WindowsPowerShell\v1.0\;C:\Program Files (x86)\ATI Technologies\ATI.ACE\Core-Static;C:\Program Files (x86)\Skype\Phone\;C:\Program Files\nodejs\;C:\Program Files\FileBot\;C:\Program Files (x86)\GtkSharp\2.12\bin;C:\Program Files\Git\cmd;C:\Users\riley\AppData\Roaming\npm
USERNAME=riley
OS=Windows_NT
PROCESSOR_IDENTIFIER=Intel64 Family 6 Model 42 Stepping 7, GenuineIntel



---------------  S Y S T E M  ---------------

OS: Windows 10.0 , 64 bit Build 10586 (10.0.10586.0)

CPU:total 8 (4 cores per cpu, 2 threads per core) family 6 model 42 stepping 7, cmov, cx8, fxsr, mmx, sse, sse2, sse3, ssse3, sse4.1, sse4.2, popcnt, avx, aes, clmul, ht, tsc, tscinvbit

Memory: 4k page, physical 12546948k(3934608k free), swap 12546948k(8588k free)

vm_info: Java HotSpot(TM) 64-Bit Server VM (25.66-b18) for windows-amd64 JRE (1.8.0_66-b18), built on Nov  9 2015 10:51:13 by "java_re" with MS VC++ 10.0 (VS2010)

time: Sat Feb 06 17:34:08 2016
elapsed time: 2 seconds (0d 0h 0m 2s)

