#
# There is insufficient memory for the Java Runtime Environment to continue.
# Native memory allocation (malloc) failed to allocate 1048576 bytes for AllocateHeap
# Possible reasons:
#   The system is out of physical RAM or swap space
#   In 32 bit mode, the process size limit was hit
# Possible solutions:
#   Reduce memory load on the system
#   Increase physical memory or swap space
#   Check if swap backing store is full
#   Use 64 bit Java on a 64 bit OS
#   Decrease Java heap size (-Xmx/-Xms)
#   Decrease number of Java threads
#   Decrease Java thread stack sizes (-Xss)
#   Set larger code cache with -XX:ReservedCodeCacheSize=
# This output file may be truncated or incomplete.
#
#  Out of Memory Error (memory/allocation.inline.hpp:61), pid=7228, tid=4648
#
# JRE version:  (8.0_66-b18) (build )
# Java VM: Java HotSpot(TM) 64-Bit Server VM (25.66-b18 mixed mode windows-amd64 compressed oops)
# Failed to write core dump. Minidumps are not enabled by default on client versions of Windows
#

---------------  T H R E A D  ---------------

Current thread (0x0000000002300800):  JavaThread "Unknown thread" [_thread_in_vm, id=4648, stack(0x0000000002200000,0x0000000002300000)]

Stack: [0x0000000002200000,0x0000000002300000]
[error occurred during error reporting (printing stack bounds), id 0xc0000005]

Native frames: (J=compiled Java code, j=interpreted, Vv=VM code, C=native code)


---------------  P R O C E S S  ---------------

Java Threads: ( => current thread )

Other Threads:

=>0x0000000002300800 (exited) JavaThread "Unknown thread" [_thread_in_vm, id=4648, stack(0x0000000002200000,0x0000000002300000)]

VM state:not at safepoint (normal execution)

VM Mutex/Monitor currently owned by a thread: None

Heap:
 PSYoungGen      total 57344K, used 983K [0x00000000eab00000, 0x00000000eeb00000, 0x0000000100000000)
  eden space 49152K, 2% used [0x00000000eab00000,0x00000000eabf5c38,0x00000000edb00000)
  from space 8192K, 0% used [0x00000000ee300000,0x00000000ee300000,0x00000000eeb00000)
  to   space 8192K, 0% used [0x00000000edb00000,0x00000000edb00000,0x00000000ee300000)
 ParOldGen       total 131072K, used 0K [0x00000000c0000000, 0x00000000c8000000, 0x00000000eab00000)
  object space 131072K, 0% used [0x00000000c0000000,0x00000000c0000000,0x00000000c8000000)
 Metaspace       used 767K, capacity 4480K, committed 4480K, reserved 1056768K
  class space    used 75K, capacity 384K, committed 384K, reserved 1048576K

Card table byte_map: [0x00000000117c0000,0x00000000119d0000] byte_map_base: 0x00000000111c0000

Marking Bits: (ParMarkBitMap*) 0x000000007182a5b0
 Begin Bits: [0x0000000012330000, 0x0000000013330000)
 End Bits:   [0x0000000013330000, 0x0000000014330000)

Polling page: 0x0000000000990000

CodeCache: size=245760Kb used=328Kb max_used=328Kb free=245431Kb
 bounds [0x0000000002400000, 0x0000000002670000, 0x0000000011400000]
 total_blobs=57 nmethods=0 adapters=37
 compilation: enabled

Compilation events (0 events):
No events

GC Heap History (0 events):
No events

Deoptimization events (0 events):
No events

Internal exceptions (0 events):
No events

Events (10 events):
Event: 0.038 loading class java/lang/Short
Event: 0.038 loading class java/lang/Short done
Event: 0.038 loading class java/lang/Integer
Event: 0.039 loading class java/lang/Integer done
Event: 0.039 loading class java/lang/Long
Event: 0.039 loading class java/lang/Long done
Event: 0.040 loading class java/lang/NullPointerException
Event: 0.040 loading class java/lang/NullPointerException done
Event: 0.040 loading class java/lang/ArithmeticException
Event: 0.040 loading class java/lang/ArithmeticException done


Dynamic libraries:
0x00007ff6963b0000 - 0x00007ff6963e7000 	C:\Program Files\Java\jdk1.8.0_66\bin\java.exe
0x00007fff99910000 - 0x00007fff99ad1000 	C:\Windows\SYSTEM32\ntdll.dll
0x00007fff991e0000 - 0x00007fff9928d000 	C:\Windows\system32\KERNEL32.DLL
0x00007fff961d0000 - 0x00007fff963b8000 	C:\Windows\system32\KERNELBASE.dll
0x00007fff98ea0000 - 0x00007fff98f47000 	C:\Windows\system32\ADVAPI32.dll
0x00007fff972e0000 - 0x00007fff9737d000 	C:\Windows\system32\msvcrt.dll
0x00007fff96e40000 - 0x00007fff96e9b000 	C:\Windows\system32\sechost.dll
0x00007fff98a70000 - 0x00007fff98b8c000 	C:\Windows\system32\RPCRT4.dll
0x00007fff96ea0000 - 0x00007fff96ff6000 	C:\Windows\system32\USER32.dll
0x00007fff97150000 - 0x00007fff972d6000 	C:\Windows\system32\GDI32.dll
0x00007fff8b380000 - 0x00007fff8b5f4000 	C:\Windows\WinSxS\amd64_microsoft.windows.common-controls_6595b64144ccf1df_6.0.10586.0_none_8c15ae12515e1c22\COMCTL32.dll
0x00007fff98f60000 - 0x00007fff991dd000 	C:\Windows\system32\combase.dll
0x00007fff96480000 - 0x00007fff964ea000 	C:\Windows\system32\bcryptPrimitives.dll
0x00007fff98960000 - 0x00007fff9899b000 	C:\Windows\system32\IMM32.DLL
0x0000000070a00000 - 0x0000000070ad2000 	C:\Program Files\Java\jdk1.8.0_66\jre\bin\msvcr100.dll
0x0000000071020000 - 0x00000000718a9000 	C:\Program Files\Java\jdk1.8.0_66\jre\bin\server\jvm.dll
0x00007fff96e30000 - 0x00007fff96e38000 	C:\Windows\system32\PSAPI.DLL
0x00007fff914e0000 - 0x00007fff914e9000 	C:\Windows\SYSTEM32\WSOCK32.dll
0x00007fff989a0000 - 0x00007fff98a0b000 	C:\Windows\system32\WS2_32.dll
0x00007fff93e80000 - 0x00007fff93ea3000 	C:\Windows\SYSTEM32\WINMM.dll
0x00007fff8f7e0000 - 0x00007fff8f7ea000 	C:\Windows\SYSTEM32\VERSION.dll
0x0000000002160000 - 0x000000000218c000 	C:\Windows\SYSTEM32\WINMMBASE.dll
0x00007fff96070000 - 0x00007fff960b3000 	C:\Windows\system32\cfgmgr32.dll
0x0000000071aa0000 - 0x0000000071aaf000 	C:\Program Files\Java\jdk1.8.0_66\jre\bin\verify.dll
0x0000000071a70000 - 0x0000000071a99000 	C:\Program Files\Java\jdk1.8.0_66\jre\bin\java.dll
0x0000000071a50000 - 0x0000000071a66000 	C:\Program Files\Java\jdk1.8.0_66\jre\bin\zip.dll

VM Arguments:
jvm_args: -Djava.awt.headless=true -Xmx1024M -Dfile.encoding=windows-1252 -Duser.country=CA -Duser.language=en -Duser.variant 
java_command: com.android.dx.command.Main --dex --num-threads=4 --output C:\Users\riley\AndroidStudioProjects\youthdiversion-calendar\app\build\intermediates\pre-dexed\debug\com.android.support-cardview-v7-23.1.1_cebcff86743354958e8ecfdd3e215e2b1b5cdd99.jar C:\Users\riley\AndroidStudioProjects\youthdiversion-calendar\app\build\intermediates\exploded-aar\com.android.support\cardview-v7\23.1.1\jars\classes.jar
java_class_path (initial): C:\Users\riley\AppData\Local\Android\sdk\build-tools\23.0.1\lib\dx.jar
Launcher Type: SUN_STANDARD

Environment Variables:
PATH=C:\ProgramData\Oracle\Java\javapath;C:\Windows\system32;C:\Windows;C:\Windows\System32\Wbem;C:\Windows\System32\WindowsPowerShell\v1.0\;C:\Program Files (x86)\ATI Technologies\ATI.ACE\Core-Static;C:\Program Files (x86)\Skype\Phone\;C:\Program Files\nodejs\;C:\Program Files\FileBot\;C:\Program Files (x86)\GtkSharp\2.12\bin;C:\Program Files\Git\cmd;C:\Users\riley\AppData\Roaming\npm
USERNAME=riley
OS=Windows_NT
PROCESSOR_IDENTIFIER=Intel64 Family 6 Model 42 Stepping 7, GenuineIntel



---------------  S Y S T E M  ---------------

OS: Windows 10.0 , 64 bit Build 10586 (10.0.10586.0)

CPU:total 8 (4 cores per cpu, 2 threads per core) family 6 model 42 stepping 7, cmov, cx8, fxsr, mmx, sse, sse2, sse3, ssse3, sse4.1, sse4.2, popcnt, avx, aes, clmul, ht, tsc, tscinvbit

Memory: 4k page, physical 12546948k(4295980k free), swap 12546948k(6044k free)

vm_info: Java HotSpot(TM) 64-Bit Server VM (25.66-b18) for windows-amd64 JRE (1.8.0_66-b18), built on Nov  9 2015 10:51:13 by "java_re" with MS VC++ 10.0 (VS2010)

time: Sat Feb 06 17:33:54 2016
elapsed time: 0 seconds (0d 0h 0m 0s)

